Jun  2 11:02:23 tests-MacBook-Air-2.local ldslm[5788] <Info>: Updating info for Activity Monitor
Jun  2 11:02:25 tests-MacBook-Air-2.local ldslm[5788] <Info>: Updating info for Terminal
Jun  2 11:02:25 tests-MacBook-Air-2.local ldslm[5788] <Info>: Updating info for Finder
Jun  2 11:02:25 tests-MacBook-Air-2.local ldslm[5788] <Info>: Couldnt track (null): no bundleID
Jun  2 11:02:25 tests-MacBook-Air-2.local ldslm[5788] <Info>: Couldnt track Notification Center: no bundleID
Jun  2 11:02:25 tests-MacBook-Air-2.local ldslm[5788] <Info>: Updating info for ARDAgent
Jun  2 11:02:25 tests-MacBook-Air-2.local ldslm[5788] <Info>: Received signal SIGTERM.
Jun  2 11:02:25 tests-MacBook-Air-2.local ldslm[5788] <Info>: ldslm stopObservingAndQuit: trying to quit.
Jun  2 11:02:26 tests-MacBook-Air-2.local ldwatch[89] <Info>: SeeLoginLogout::LoginWindow
Jun  2 11:02:26 tests-MacBook-Air-2.local ldwatch[89] <Info>: Login Window
Jun  2 11:02:27 tests-MacBook-Air-2.local lddispatch[6446] <Info>: New Version
Jun  2 11:02:27 tests-MacBook-Air-2.local lddispatch[6446] <Info>: Start worker 1
Jun  2 11:02:27 tests-MacBook-Air-2.local lddispatch[6446] <Info>: Start worker 2
Jun  2 11:02:27 tests-MacBook-Air-2.local lddispatch[6446] <Info>: Start worker 3
Jun  2 11:02:27 tests-MacBook-Air-2.local lddispatch[6446] <Info>: Start worker 4
Jun  2 11:02:27 tests-MacBook-Air-2.local lddispatch[6446] <Info>: Start worker 5
Jun  2 11:02:27 tests-MacBook-Air-2.local lddispatch[6446] <Info>: Start listening on thread 2
Jun  2 11:02:27 tests-MacBook-Air-2.local lddispatch[6446] <Info>: Start listening on thread 1
Jun  2 11:02:27 tests-MacBook-Air-2.local lddispatch[6446] <Info>: Start listening on thread 3
Jun  2 11:02:27 tests-MacBook-Air-2.local lddispatch[6446] <Info>: Start listening on thread 4
Jun  2 11:02:27 tests-MacBook-Air-2.local lddispatch[6446] <Info>: Start listening on thread 5
Jun  2 11:02:27 tests-MacBook-Air-2.local ldwatch[89] <Info>: IPv4/IPv6 address changed: scheduling IPv4Changed_TimerCallBack
Jun  2 11:02:28 tests-MacBook-Air-2.local ldwatch[89] <Info>: Checking for remote session on server.
Jun  2 11:02:28 tests-MacBook-Air-2.local ldwatch[89] <Info>: Did not get back a result.
Jun  2 11:02:28 tests-MacBook-Air-2.local ldscheduler[87] <Info>: IP change detected
Jun  2 11:02:28 tests-MacBook-Air-2.local ldscheduler[87] <Info>: Next run time for ldcron-ldiscan.xml is 2017-06-02T11:02:28GMT+8
Jun  2 11:02:28 tests-MacBook-Air-2.local ldscheduler[87] <Info>: Next run time for ldcron-redirclean.xml is 2017-06-02T11:02:28GMT+8
Jun  2 11:02:28 tests-MacBook-Air-2.local ldscheduler[87] <Info>: User logged in/out.  Current user = (null)
Jun  2 11:02:28 tests-MacBook-Air-2.local ldscheduler[87] <Info>: At LoginWindow - process loginwindow tasks
Jun  2 11:02:28 tests-MacBook-Air-2.local ldscheduler[87] <Info>: global_logged_in_user - found: (null)
Jun  2 11:02:28 tests-MacBook-Air-2.local ldscheduler[87] <Info>: runCommand = /bin/rm /Library/Application\ Support/LANDesk/data/preferredservers.dat
Jun  2 11:02:28 tests-MacBook-Air-2.local lddispatch[91] <Info>: Got ID size = 5
Jun  2 11:02:28 tests-MacBook-Air-2.local lddispatch[91] <Info>: Got address size = 36
Jun  2 11:02:28 tests-MacBook-Air-2.local lddispatch[91] <Info>: Got NULL size = 0
Jun  2 11:02:28 tests-MacBook-Air-2.local lddispatch[91] <Info>: Got message size = 432
Jun  2 11:02:28 tests-MacBook-Air-2.local lddispatch[91] <Info>: Start process on thread 3
Jun  2 11:02:28 tests-MacBook-Air-2.local lddispatch[91] <Info>: Finish process on thread 3
Jun  2 11:02:28 tests-MacBook-Air-2.local lddispatch[91] <Info>: Start listening on thread 3
Jun  2 11:02:28 tests-MacBook-Air-2.local ldscheduler[87] <Info>: LCLaunchAndGetPID Successful: /bin/rm /Library/Application\ Support/LANDesk/data/preferredservers.dat result = 0, pid = 6449, setting running task
Jun  2 11:02:28 tests-MacBook-Air-2.local ldscheduler[87] <Info>: processFile: /Library/Application Support/LANDesk/scheduler/ldcron-redirclean.xml
Jun  2 11:02:28 tests-MacBook-Air-2.local ldscheduler[87] <Info>: Next run time for ldcron-redirclean.xml is 2017-06-09T11:02:28GMT+8
Jun  2 11:02:28 tests-MacBook-Air-2.local ldscheduler[87] <Info>: runCommand = /Library/Application\ Support/LANDesk/bin/ldiscan
Jun  2 11:02:28 tests-MacBook-Air-2.local lddispatch[91] <Info>: Got ID size = 5
Jun  2 11:02:28 tests-MacBook-Air-2.local lddispatch[91] <Info>: Got address size = 36
Jun  2 11:02:28 tests-MacBook-Air-2.local lddispatch[91] <Info>: Got NULL size = 0
Jun  2 11:02:28 tests-MacBook-Air-2.local lddispatch[91] <Info>: Got message size = 349
Jun  2 11:02:28 tests-MacBook-Air-2.local lddispatch[91] <Info>: Start process on thread 5
Jun  2 11:02:28 tests-MacBook-Air-2.local lddispatch[91] <Info>: Finish process on thread 5
Jun  2 11:02:28 tests-MacBook-Air-2.local lddispatch[91] <Info>: Start listening on thread 5
Jun  2 11:02:28 tests-MacBook-Air-2.local ldscheduler[87] <Info>: LCLaunchAndGetPID Successful: /Library/Application\ Support/LANDesk/bin/ldiscan result = 0, pid = 6450, setting running task
Jun  2 11:02:28 tests-MacBook-Air-2.local ldscheduler[87] <Info>: processFile: /Library/Application Support/LANDesk/scheduler/ldcron-ldiscan.xml
Jun  2 11:02:28 tests-MacBook-Air-2.local ldscheduler[87] <Info>: Next run time for ldcron-ldiscan.xml is 2017-06-03T11:02:28GMT+8
Jun  2 11:02:28 tests-MacBook-Air-2.local ldiscan[6450] <Critical>: Last scan date: Fri Jun 02 2017, 11:00:46 CST
Jun  2 11:02:28 tests-MacBook-Air-2.local ldiscan[6450] <Critical>: Last scan less than 24 ago ( 0 hours,  1 minutes)
Jun  2 11:02:28 tests-MacBook-Air-2.local ldiscan[6450] <Info>: LANDesk inventory scanner version: 10.0.0.1015
Jun  2 11:02:28 tests-MacBook-Air-2.local ldiscan[6450] <Critical>: Connected to the core server "WIN-5CUO5SV10D2.ld.landesk.com".
Jun  2 11:02:28 tests-MacBook-Air-2.local ldiscan[6450] <Info>: Getting core server preferences.
Jun  2 11:02:28 tests-MacBook-Air-2.local ldiscan[6450] <Error>: Download of the new LDAppl3.ini file failed.
Jun  2 11:02:28 tests-MacBook-Air-2.local ldiscan[6450] <Critical>: Last scan date: Fri Jun 02 2017, 11:00:46 CST
Jun  2 11:02:28 tests-MacBook-Air-2.local ldiscan[6450] <Critical>: Last scan less than 24 ago ( 0 hours,  1 minutes)
Jun  2 11:02:28 tests-MacBook-Air-2.local ldiscan[6450] <Critical>: Miniscan requested or inventory Service doesn't support delta scans.
Jun  2 11:02:28 tests-MacBook-Air-2.local ldiscan[6450] <Info>: Scanning started.
Jun  2 11:02:28 tests-MacBook-Air-2.local ldiscan[6450] <Critical>: Writing scan header.
Jun  2 11:02:28 tests-MacBook-Air-2.local ldiscan[6450] <Info>:   Scanning LDMS.
Jun  2 11:02:28 tests-MacBook-Air-2.local ldswupdate[6496] <Debug>: Debug On!
Jun  2 11:02:28 tests-MacBook-Air-2.local ldswupdate[6496] <Debug>: 	argv[0] = /Library/Application Support/LANDesk/bin/ldswupdate
Jun  2 11:02:29 tests-MacBook-Air-2.local ldswupdate[6496] <Debug>: 	argv[1] = -v2
Jun  2 11:02:29 tests-MacBook-Air-2.local lddispatch[6504] <Info>: New Version
Jun  2 11:02:29 tests-MacBook-Air-2.local ldiscan[6450] <Info>:   Scanning MacAV.
Jun  2 11:02:29 tests-MacBook-Air-2.local ldiscan[6450] <Info>: 		Launching command: /usr/sbin/system_profiler
Jun  2 11:02:29 tests-MacBook-Air-2.local ldiscan[6450] <Info>: Child process 6517 started
Jun  2 11:02:29 tests-MacBook-Air-2.local ldiscan[6450] <Info>: 		Read 6245 bytes from process
Jun  2 11:02:29 tests-MacBook-Air-2.local ldiscan[6450] <Info>: 	Profiler terminated normally
Jun  2 11:02:29 tests-MacBook-Air-2.local ldiscan[6450] <Info>:   Scanning Keyboard.
Jun  2 11:02:29 tests-MacBook-Air-2.local ldiscan[6450] <Info>: 		Launching command: /usr/sbin/system_profiler
Jun  2 11:02:29 tests-MacBook-Air-2.local ldiscan[6450] <Info>: Child process 6520 started
Jun  2 11:02:29 tests-MacBook-Air-2.local ldiscan[6450] <Info>: 		Read 15701 bytes from process
Jun  2 11:02:29 tests-MacBook-Air-2.local ldiscan[6450] <Info>: 	Profiler terminated normally
Jun  2 11:02:29 tests-MacBook-Air-2.local ldiscan[6450] <Info>:   Scanning CPU.
Jun  2 11:02:29 tests-MacBook-Air-2.local ldiscan[6450] <Info>:   Scanning Display.
Jun  2 11:02:29 tests-MacBook-Air-2.local ldiscan[6450] <Info>: 		Launching command: /usr/sbin/system_profiler
Jun  2 11:02:29 tests-MacBook-Air-2.local ldiscan[6450] <Info>: Child process 6522 started
Jun  2 11:02:29 tests-MacBook-Air-2.local ldiscan[6450] <Info>: 		Read 5922 bytes from process
Jun  2 11:02:29 tests-MacBook-Air-2.local ldiscan[6450] <Info>: 	Profiler terminated normally
Jun  2 11:02:29 tests-MacBook-Air-2.local ldiscan[6450] <Info>:   Scanning Volumes.
Jun  2 11:02:29 tests-MacBook-Air-2.local ldiscan[6450] <Info>:   Scanning CD/DVD drives.
Jun  2 11:02:29 tests-MacBook-Air-2.local ldiscan[6450] <Info>: 		Launching command: /usr/sbin/system_profiler
Jun  2 11:02:29 tests-MacBook-Air-2.local ldiscan[6450] <Info>: Child process 6524 started
Jun  2 11:02:30 tests-MacBook-Air-2.local ldiscan[6450] <Info>: 		Read 4320 bytes from process
Jun  2 11:02:30 tests-MacBook-Air-2.local ldiscan[6450] <Info>: 	Profiler terminated normally
Jun  2 11:02:30 tests-MacBook-Air-2.local ldiscan[6450] <Info>:   Scanning FileVault.
Jun  2 11:02:30 tests-MacBook-Air-2.local ldiscan[6450] <Info>:   Scanning System.
Jun  2 11:02:30 tests-MacBook-Air-2.local ldiscan[6450] <Info>:   Scanning Environment.
Jun  2 11:02:30 tests-MacBook-Air-2.local ldiscan[6450] <Info>:   Scanning Processes.
Jun  2 11:02:30 tests-MacBook-Air-2.local ldiscan[6450] <Info>:   Scanning Memory.
Jun  2 11:02:30 tests-MacBook-Air-2.local ldiscan[6450] <Info>: 		Launching command: /usr/sbin/system_profiler
Jun  2 11:02:30 tests-MacBook-Air-2.local ldiscan[6450] <Info>: Child process 6531 started
Jun  2 11:02:30 tests-MacBook-Air-2.local ldiscan[6450] <Info>: 		Read 3409 bytes from process
Jun  2 11:02:30 tests-MacBook-Air-2.local ldiscan[6450] <Info>: 	Profiler terminated normally
Jun  2 11:02:30 tests-MacBook-Air-2.local ldiscan[6450] <Info>:   Scanning Profiles.
Jun  2 11:02:30 tests-MacBook-Air-2.local lddispatch[91] <Info>: Got ID size = 5
Jun  2 11:02:30 tests-MacBook-Air-2.local lddispatch[91] <Info>: Got address size = 36
Jun  2 11:02:30 tests-MacBook-Air-2.local lddispatch[91] <Info>: Got NULL size = 0
Jun  2 11:02:30 tests-MacBook-Air-2.local lddispatch[91] <Info>: Got message size = 477
Jun  2 11:02:30 tests-MacBook-Air-2.local lddispatch[91] <Info>: Start process on thread 2
Jun  2 11:02:30 tests-MacBook-Air-2.local lddispatch[91] <Info>: Finish process on thread 2
Jun  2 11:02:30 tests-MacBook-Air-2.local lddispatch[91] <Info>: Start listening on thread 2
Jun  2 11:02:30 tests-MacBook-Air-2.local ldiscan[6450] <Info>:   Scanning Network.
Jun  2 11:02:30 tests-MacBook-Air-2.local ldiscan[6450] <Info>:     Collect Active Directory information.
Jun  2 11:02:30 tests-MacBook-Air-2.local ldiscan[6450] <Info>:   Scanning USB.
Jun  2 11:02:30 tests-MacBook-Air-2.local ldiscan[6450] <Info>:   Scanning Firewire.
Jun  2 11:02:30 tests-MacBook-Air-2.local ldiscan[6450] <Info>:   Scanning Bluetooth.
Jun  2 11:02:30 tests-MacBook-Air-2.local ldiscan[6450] <Info>: 		Launching command: /usr/sbin/system_profiler
Jun  2 11:02:30 tests-MacBook-Air-2.local ldiscan[6450] <Info>: Child process 6534 started
Jun  2 11:02:30 tests-MacBook-Air-2.local ldiscan[6450] <Info>: 		Read 15702 bytes from process
Jun  2 11:02:30 tests-MacBook-Air-2.local ldiscan[6450] <Info>: 	Profiler terminated normally
Jun  2 11:02:30 tests-MacBook-Air-2.local ldiscan[6450] <Info>:   Scanning PCI.
Jun  2 11:02:30 tests-MacBook-Air-2.local ldiscan[6450] <Info>:   Scanning Battery.
Jun  2 11:02:30 tests-MacBook-Air-2.local ldiscan[6450] <Info>: 		Launching command: /usr/sbin/system_profiler
Jun  2 11:02:30 tests-MacBook-Air-2.local ldiscan[6450] <Info>: Child process 6537 started
Jun  2 11:02:30 tests-MacBook-Air-2.local ldiscan[6450] <Info>: 		Read 11602 bytes from process
Jun  2 11:02:30 tests-MacBook-Air-2.local ldiscan[6450] <Info>: 	Profiler terminated normally
Jun  2 11:02:30 tests-MacBook-Air-2.local ldiscan[6450] <Info>:   Scanning for Custom Data.
Jun  2 11:02:30 tests-MacBook-Air-2.local ldiscan[6450] <Info>: Error writing to the baseline file..
Jun  2 11:02:30 tests-MacBook-Air-2.local ldiscan[6450] <Info>:   Closing scan file
Jun  2 11:02:30 tests-MacBook-Air-2.local ldiscan[6450] <Info>: Sending scan file to server: WIN-5CUO5SV10D2.ld.landesk.com
Jun  2 11:02:31 tests-MacBook-Air-2.local ldiscan[6450] <Info>: Status from core = HTTP/1.1 503 Service Unavailable
Jun  2 11:02:31 tests-MacBook-Air-2.local ldiscan[6450] <Alert>: Failed to send scan file to server.
Jun  2 11:02:31 tests-MacBook-Air-2.local ldiscan[6450] <Critical>: Temp file deleted.
Jun  2 11:02:31 tests-MacBook-Air-2.local ldiscan[6450] <Info>: Scanning done.
Jun  2 11:02:31 tests-MacBook-Air-2.local ldiscan[6450] <Critical>: Releasing the lock on ldscan.
Jun  2 11:02:31 tests-MacBook-Air-2.local ldwatch[89] <Info>: SeeLoginLogout::LoginUser: test, uid=501
Jun  2 11:02:31 tests-MacBook-Air-2.local ldwatch[89] <Info>: SeeLoginLogout::StartLicensing: running ldslm.
Jun  2 11:02:31 tests-MacBook-Air-2.local ldscheduler[87] <Info>: Current console user is test
Jun  2 11:02:31 tests-MacBook-Air-2.local ldwatch[89] <Info>: Checking for remote session on server.
Jun  2 11:02:31 tests-MacBook-Air-2.local ldwatch[89] <Info>: Did not get back a result.
Jun  2 11:02:31 tests-MacBook-Air-2.local ldwatch[89] <Info>: SeeLoginLogout::LoginUser: HUP remoteClient
Jun  2 11:02:31 tests-MacBook-Air-2.local ldwatch[89] <Info>: User logged in: test.
Jun  2 11:02:31 tests-MacBook-Air-2.local ldslm[6551] <Info>: Orwell Started.
Jun  2 11:02:31 tests-MacBook-Air-2.local ldslm[6551] <Info>: Orwell: NSApplicationLoad returned YES
Jun  2 11:02:33 tests-MacBook-Air-2.local ldscheduler[87] <Info>: User logged in/out.  Current user = test
Jun  2 11:02:33 tests-MacBook-Air-2.local ldscheduler[87] <Info>: global_logged_in_user - found: test
Jun  2 11:02:34 tests-MacBook-Air-2.local ldslm[6551] <Info>: Couldnt track (null): no bundleID
Jun  2 11:02:34 tests-MacBook-Air-2.local ldslm[6551] <Info>: Couldnt track (null): no bundleID
Jun  2 11:02:35 tests-MacBook-Air-2.local ldwatch[89] <Info>: IPv4/IPv6 address changed: rescheduling
Jun  2 11:02:35 tests-MacBook-Air-2.local ldscheduler[87] <Info>: event count: 1
Jun  2 11:02:35 tests-MacBook-Air-2.local ldscheduler[87] <Info>: file was created, deleted, renamed or modified 
Jun  2 11:02:36 tests-MacBook-Air-2.local lddispatch[6679] <Info>: New Version
Jun  2 11:02:36 tests-MacBook-Air-2.local lddispatch[6680] <Info>: New Version
Jun  2 11:02:36 tests-MacBook-Air-2.local lddispatch[6680] <Info>: Start worker 1
Jun  2 11:02:36 tests-MacBook-Air-2.local lddispatch[6680] <Info>: Start worker 2
Jun  2 11:02:36 tests-MacBook-Air-2.local lddispatch[6680] <Info>: Start worker 3
Jun  2 11:02:36 tests-MacBook-Air-2.local lddispatch[6680] <Info>: Start worker 4
Jun  2 11:02:36 tests-MacBook-Air-2.local lddispatch[6680] <Info>: Start worker 5
Jun  2 11:02:36 tests-MacBook-Air-2.local lddispatch[6680] <Info>: Start listening on thread 1
Jun  2 11:02:36 tests-MacBook-Air-2.local lddispatch[6680] <Info>: Start listening on thread 2
Jun  2 11:02:36 tests-MacBook-Air-2.local lddispatch[6680] <Info>: Start listening on thread 3
Jun  2 11:02:36 tests-MacBook-Air-2.local lddispatch[6680] <Info>: Start listening on thread 4
Jun  2 11:02:36 tests-MacBook-Air-2.local lddispatch[6680] <Info>: Start listening on thread 5
Jun  2 11:02:38 tests-MacBook-Air-2.local ldscheduler[87] <Info>: processFile: /Library/Application Support/LANDesk/scheduler/58FABBAA-4E31-4C0C-AC0D-215FC0EF467C.xml
Jun  2 11:02:38 tests-MacBook-Air-2.local ldscheduler[87] <Info>: Next run time for 58FABBAA-4E31-4C0C-AC0D-215FC0EF467C.xml is 2017-06-02T11:02:38GMT+8
Jun  2 11:02:38 tests-MacBook-Air-2.local ldscheduler[87] <Info>: processFile: /Library/Application Support/LANDesk/scheduler/ldcron-ldapm.xml
Jun  2 11:02:38 tests-MacBook-Air-2.local ldscheduler[87] <Info>: Next run time for ldcron-ldapm.xml is 2017-06-02T14:55:53GMT+8
Jun  2 11:02:38 tests-MacBook-Air-2.local ldscheduler[87] <Info>: processFile: /Library/Application Support/LANDesk/scheduler/ldcron-ldiscan.xml
Jun  2 11:02:38 tests-MacBook-Air-2.local ldscheduler[87] <Info>: Next run time for ldcron-ldiscan.xml is 2017-06-03T11:02:28GMT+8
Jun  2 11:02:38 tests-MacBook-Air-2.local ldscheduler[87] <Info>: processFile: /Library/Application Support/LANDesk/scheduler/ldcron-ldpatch.xml
Jun  2 11:02:38 tests-MacBook-Air-2.local ldscheduler[87] <Info>: Next run time for ldcron-ldpatch.xml is 2017-06-08T10:23:49GMT+8
Jun  2 11:02:38 tests-MacBook-Air-2.local ldscheduler[87] <Info>: processFile: /Library/Application Support/LANDesk/scheduler/ldcron-redirclean.xml
Jun  2 11:02:38 tests-MacBook-Air-2.local ldscheduler[87] <Info>: Next run time for ldcron-redirclean.xml is 2017-06-09T11:02:28GMT+8
Jun  2 11:02:38 tests-MacBook-Air-2.local ldscheduler[87] <Info>: processFile: /Library/Application Support/LANDesk/scheduler/ldcron-sdclean.xml
Jun  2 11:02:38 tests-MacBook-Air-2.local ldscheduler[87] <Info>: Next run time for ldcron-sdclean.xml is 2017-06-08T10:23:49GMT+8
Jun  2 11:02:38 tests-MacBook-Air-2.local ldscheduler[87] <Info>: processFile: /Library/Application Support/LANDesk/scheduler/ldcron-settingsupdate.xml
Jun  2 11:02:38 tests-MacBook-Air-2.local ldscheduler[87] <Info>: Next run time for ldcron-settingsupdate.xml is 2017-06-02T18:55:53GMT+8
Jun  2 11:02:38 tests-MacBook-Air-2.local ldscheduler[87] <Info>: IP change detected
Jun  2 11:02:38 tests-MacBook-Air-2.local ldscheduler[87] <Info>: Next run time for ldcron-ldiscan.xml is 2017-06-02T11:02:38GMT+8
Jun  2 11:02:38 tests-MacBook-Air-2.local ldscheduler[87] <Info>: Next run time for ldcron-redirclean.xml is 2017-06-02T11:02:38GMT+8
Jun  2 11:02:38 tests-MacBook-Air-2.local ldscheduler[87] <Info>: runCommand = /Library/Application\ Support/LANDesk/bin/ldapm -r
Jun  2 11:02:38 tests-MacBook-Air-2.local lddispatch[91] <Info>: Got ID size = 5
Jun  2 11:02:38 tests-MacBook-Air-2.local lddispatch[91] <Info>: Got address size = 36
Jun  2 11:02:38 tests-MacBook-Air-2.local lddispatch[91] <Info>: Got NULL size = 0
Jun  2 11:02:38 tests-MacBook-Air-2.local lddispatch[91] <Info>: Got message size = 411
Jun  2 11:02:38 tests-MacBook-Air-2.local lddispatch[91] <Info>: Start process on thread 1
Jun  2 11:02:38 tests-MacBook-Air-2.local lddispatch[91] <Info>: Finish process on thread 1
Jun  2 11:02:38 tests-MacBook-Air-2.local lddispatch[91] <Info>: Start listening on thread 1
Jun  2 11:02:38 tests-MacBook-Air-2.local ldscheduler[87] <Info>: LCLaunchAndGetPID Successful: /Library/Application\ Support/LANDesk/bin/ldapm -r result = 0, pid = 6699, setting running task
Jun  2 11:02:38 tests-MacBook-Air-2.local ldscheduler[87] <Info>: processFile: /Library/Application Support/LANDesk/scheduler/58FABBAA-4E31-4C0C-AC0D-215FC0EF467C.xml
Jun  2 11:02:38 tests-MacBook-Air-2.local ldscheduler[87] <Info>: deleteFile - gone!: /Library/Application Support/LANDesk/scheduler/58FABBAA-4E31-4C0C-AC0D-215FC0EF467C.xml
Jun  2 11:02:38 tests-MacBook-Air-2.local ldscheduler[87] <Info>: runCommand = /Library/Application\ Support/LANDesk/bin/ldiscan
Jun  2 11:02:38 tests-MacBook-Air-2.local lddispatch[91] <Info>: Got ID size = 5
Jun  2 11:02:38 tests-MacBook-Air-2.local ldapm[6699] <Info>: 	argv[0] = /Library/Application Support/LANDesk/bin/ldapm
Jun  2 11:02:38 tests-MacBook-Air-2.local lddispatch[91] <Info>: Got address size = 36
Jun  2 11:02:38 tests-MacBook-Air-2.local ldapm[6699] <Info>: 	argv[1] = -r
Jun  2 11:02:38 tests-MacBook-Air-2.local lddispatch[91] <Info>: Got NULL size = 0
Jun  2 11:02:38 tests-MacBook-Air-2.local lddispatch[91] <Info>: Got message size = 349
Jun  2 11:02:38 tests-MacBook-Air-2.local lddispatch[91] <Info>: Start process on thread 4
Jun  2 11:02:38 tests-MacBook-Air-2.local lddispatch[91] <Info>: Finish process on thread 4
Jun  2 11:02:38 tests-MacBook-Air-2.local lddispatch[91] <Info>: Start listening on thread 4
Jun  2 11:02:38 tests-MacBook-Air-2.local ldscheduler[87] <Info>: LCLaunchAndGetPID Successful: /Library/Application\ Support/LANDesk/bin/ldiscan result = 0, pid = 6700, setting running task
Jun  2 11:02:38 tests-MacBook-Air-2.local ldscheduler[87] <Info>: processFile: /Library/Application Support/LANDesk/scheduler/ldcron-ldiscan.xml
Jun  2 11:02:38 tests-MacBook-Air-2.local ldscheduler[87] <Info>: Next run time for ldcron-ldiscan.xml is 2017-06-03T11:02:38GMT+8
Jun  2 11:02:38 tests-MacBook-Air-2.local ldscheduler[87] <Info>: runCommand = /bin/rm /Library/Application\ Support/LANDesk/data/preferredservers.dat
Jun  2 11:02:38 tests-MacBook-Air-2.local lddispatch[91] <Info>: Got ID size = 5
Jun  2 11:02:38 tests-MacBook-Air-2.local lddispatch[91] <Info>: Got address size = 36
Jun  2 11:02:38 tests-MacBook-Air-2.local lddispatch[91] <Info>: Got NULL size = 0
Jun  2 11:02:38 tests-MacBook-Air-2.local lddispatch[91] <Info>: Got message size = 432
Jun  2 11:02:38 tests-MacBook-Air-2.local lddispatch[91] <Info>: Start process on thread 3
Jun  2 11:02:38 tests-MacBook-Air-2.local lddispatch[91] <Info>: Finish process on thread 3
Jun  2 11:02:38 tests-MacBook-Air-2.local lddispatch[91] <Info>: Start listening on thread 3
Jun  2 11:02:38 tests-MacBook-Air-2.local ldscheduler[87] <Info>: LCLaunchAndGetPID Successful: /bin/rm /Library/Application\ Support/LANDesk/data/preferredservers.dat result = 0, pid = 6701, setting running task
Jun  2 11:02:38 tests-MacBook-Air-2.local ldscheduler[87] <Info>: processFile: /Library/Application Support/LANDesk/scheduler/ldcron-redirclean.xml
Jun  2 11:02:38 tests-MacBook-Air-2.local ldiscan[6700] <Critical>: Last scan date: Fri Jun 02 2017, 11:00:46 CST
Jun  2 11:02:38 tests-MacBook-Air-2.local ldscheduler[87] <Info>: Next run time for ldcron-redirclean.xml is 2017-06-09T11:02:38GMT+8
Jun  2 11:02:38 tests-MacBook-Air-2.local ldiscan[6700] <Critical>: Last scan less than 24 ago ( 0 hours,  1 minutes)
Jun  2 11:02:38 tests-MacBook-Air-2.local ldiscan[6700] <Info>: LANDesk inventory scanner version: 10.0.0.1015
Jun  2 11:02:38 tests-MacBook-Air-2.local ldiscan[6700] <Critical>: Connected to the core server "WIN-5CUO5SV10D2.ld.landesk.com".
Jun  2 11:02:38 tests-MacBook-Air-2.local ldiscan[6700] <Info>: Getting core server preferences.
Jun  2 11:02:38 tests-MacBook-Air-2.local lddispatch[91] <Info>: Got ID size = 5
Jun  2 11:02:38 tests-MacBook-Air-2.local lddispatch[91] <Info>: Got address size = 36
Jun  2 11:02:38 tests-MacBook-Air-2.local lddispatch[91] <Info>: Got NULL size = 0
Jun  2 11:02:38 tests-MacBook-Air-2.local lddispatch[91] <Info>: Got message size = 738
Jun  2 11:02:38 tests-MacBook-Air-2.local lddispatch[91] <Info>: Start process on thread 5
Jun  2 11:02:38 tests-MacBook-Air-2.local sdclient[6706] <Info>: SDCLIENT: processing: "-coreonly"
Jun  2 11:02:38 tests-MacBook-Air-2.local sdclient[6706] <Info>: SDCLIENT: processing: "-noinstall"
Jun  2 11:02:38 tests-MacBook-Air-2.local sdclient[6706] <Info>: SDCLIENT: processing: ""
Jun  2 11:02:38 tests-MacBook-Air-2.local sdclient[6706] <Info>: SDCLIENT: processing: "-package"
Jun  2 11:02:38 tests-MacBook-Air-2.local sdclient[6706] <Info>: SDCLIENT: processing: "-dest"
Jun  2 11:02:38 tests-MacBook-Air-2.local sdclient[6706] <Info>: Final result = 0
Jun  2 11:02:38 tests-MacBook-Air-2.local lddispatch[91] <Info>: Finish process on thread 5
Jun  2 11:02:38 tests-MacBook-Air-2.local ldiscan[6700] <Info>: Downloaded a new LDAppl3.ini file.
Jun  2 11:02:38 tests-MacBook-Air-2.local lddispatch[91] <Info>: Start listening on thread 5
Jun  2 11:02:38 tests-MacBook-Air-2.local ldiscan[6700] <Critical>: Last scan date: Fri Jun 02 2017, 11:00:46 CST
Jun  2 11:02:38 tests-MacBook-Air-2.local ldiscan[6700] <Critical>: Last scan less than 24 ago ( 0 hours,  1 minutes)
Jun  2 11:02:38 tests-MacBook-Air-2.local lddispatch[91] <Info>: Got ID size = 5
Jun  2 11:02:38 tests-MacBook-Air-2.local ldiscan[6700] <Critical>: Loading baseline
Jun  2 11:02:38 tests-MacBook-Air-2.local lddispatch[91] <Info>: Got address size = 36
Jun  2 11:02:38 tests-MacBook-Air-2.local lddispatch[91] <Info>: Got NULL size = 0
Jun  2 11:02:38 tests-MacBook-Air-2.local lddispatch[91] <Info>: Got message size = 738
Jun  2 11:02:38 tests-MacBook-Air-2.local lddispatch[91] <Info>: Start process on thread 2
Jun  2 11:02:38 tests-MacBook-Air-2.local ldiscan[6700] <Info>: Scanning started.
Jun  2 11:02:38 tests-MacBook-Air-2.local ldiscan[6700] <Critical>: Writing scan header.
Jun  2 11:02:38 tests-MacBook-Air-2.local ldiscan[6700] <Info>:   Scanning LDMS.
Jun  2 11:02:38 tests-MacBook-Air-2.local sdclient[6710] <Info>: SDCLIENT: processing: "-coreonly"
Jun  2 11:02:38 tests-MacBook-Air-2.local sdclient[6710] <Info>: SDCLIENT: processing: "-noinstall"
Jun  2 11:02:38 tests-MacBook-Air-2.local sdclient[6710] <Info>: SDCLIENT: processing: ""
Jun  2 11:02:38 tests-MacBook-Air-2.local sdclient[6710] <Info>: SDCLIENT: processing: "-package"
Jun  2 11:02:38 tests-MacBook-Air-2.local sdclient[6710] <Info>: SDCLIENT: processing: "-dest"
Jun  2 11:02:38 tests-MacBook-Air-2.local sdclient[6710] <Info>: Final result = 0
Jun  2 11:02:38 tests-MacBook-Air-2.local lddispatch[91] <Info>: Finish process on thread 2
Jun  2 11:02:38 tests-MacBook-Air-2.local lddispatch[91] <Info>: Start listening on thread 2
Jun  2 11:02:38 tests-MacBook-Air-2.local lddispatch[91] <Info>: Got ID size = 5
Jun  2 11:02:38 tests-MacBook-Air-2.local lddispatch[91] <Info>: Got address size = 36
Jun  2 11:02:38 tests-MacBook-Air-2.local lddispatch[91] <Info>: Got NULL size = 0
Jun  2 11:02:38 tests-MacBook-Air-2.local lddispatch[91] <Info>: Got message size = 738
Jun  2 11:02:38 tests-MacBook-Air-2.local lddispatch[91] <Info>: Start process on thread 1
Jun  2 11:02:38 tests-MacBook-Air-2.local sdclient[6720] <Info>: SDCLIENT: processing: "-coreonly"
Jun  2 11:02:38 tests-MacBook-Air-2.local sdclient[6720] <Info>: SDCLIENT: processing: "-noinstall"
Jun  2 11:02:38 tests-MacBook-Air-2.local sdclient[6720] <Info>: SDCLIENT: processing: ""
Jun  2 11:02:38 tests-MacBook-Air-2.local sdclient[6720] <Info>: SDCLIENT: processing: "-package"
Jun  2 11:02:38 tests-MacBook-Air-2.local sdclient[6720] <Info>: SDCLIENT: processing: "-dest"
Jun  2 11:02:38 tests-MacBook-Air-2.local sdclient[6720] <Info>: Downloader/Multicast using config file located here: /Library/Application Support/LANDesk/data/multicast/downloadermulticastconf.xml
Jun  2 11:02:38 tests-MacBook-Air-2.local sdclient[6720] <Info>: About to call DownloadFiles (1 files) with these settings:
Jun  2 11:02:38 tests-MacBook-Air-2.local sdclient[6720] <Info>: m_allowedBandwidthWAN: 100
Jun  2 11:02:38 tests-MacBook-Air-2.local sdclient[6720] <Info>: m_allowedBandwidthLAN: 100
Jun  2 11:02:38 tests-MacBook-Air-2.local sdclient[6720] <Info>: m_discardPeriodSeconds: 604800
Jun  2 11:02:38 tests-MacBook-Air-2.local sdclient[6720] <Info>: m_preserveDirectoryStructure: 0
Jun  2 11:02:38 tests-MacBook-Air-2.local sdclient[6720] <Info>: m_bUseWanBWForPush: 0
Jun  2 11:02:38 tests-MacBook-Air-2.local sdclient[6720] <Info>: m_bSynchronize: 0
Jun  2 11:02:38 tests-MacBook-Air-2.local ldswupdate[6725] <Debug>: Debug On!
Jun  2 11:02:38 tests-MacBook-Air-2.local sdclient[6720] <Info>: Allowed download methods(m_downloadControl):
Jun  2 11:02:38 tests-MacBook-Air-2.local sdclient[6720] <Info>: Source
Jun  2 11:02:38 tests-MacBook-Air-2.local sdclient[6720] <Info>: m_preferredServerControl: NoPreferredServer
Jun  2 11:02:38 tests-MacBook-Air-2.local ldswupdate[6725] <Debug>: 	argv[0] = /Library/Application Support/LANDesk/bin/ldswupdate
Jun  2 11:02:38 tests-MacBook-Air-2.local ldswupdate[6725] <Debug>: 	argv[1] = -v2
Jun  2 11:02:38 tests-MacBook-Air-2.local lddispatch[6734] <Info>: New Version
Jun  2 11:02:39 tests-MacBook-Air-2.local ldiscan[6700] <Info>:   Scanning MacAV.
Jun  2 11:02:39 tests-MacBook-Air-2.local ldiscan[6700] <Info>: 		Launching command: /usr/sbin/system_profiler
Jun  2 11:02:39 tests-MacBook-Air-2.local ldiscan[6700] <Info>: Child process 6747 started
Jun  2 11:02:39 tests-MacBook-Air-2.local ldiscan[6700] <Info>: 		Read 6245 bytes from process
Jun  2 11:02:39 tests-MacBook-Air-2.local ldiscan[6700] <Info>: 	Profiler terminated normally
Jun  2 11:02:39 tests-MacBook-Air-2.local ldiscan[6700] <Info>:   Scanning Keyboard.
Jun  2 11:02:39 tests-MacBook-Air-2.local ldiscan[6700] <Info>: 		Launching command: /usr/sbin/system_profiler
Jun  2 11:02:39 tests-MacBook-Air-2.local ldiscan[6700] <Info>: Child process 6749 started
Jun  2 11:02:39 tests-MacBook-Air-2.local ldiscan[6700] <Info>: 		Read 15701 bytes from process
Jun  2 11:02:39 tests-MacBook-Air-2.local ldiscan[6700] <Info>: 	Profiler terminated normally
Jun  2 11:02:39 tests-MacBook-Air-2.local ldiscan[6700] <Info>:   Scanning CPU.
Jun  2 11:02:39 tests-MacBook-Air-2.local ldiscan[6700] <Info>:   Scanning Display.
Jun  2 11:02:39 tests-MacBook-Air-2.local ldiscan[6700] <Info>: 		Launching command: /usr/sbin/system_profiler
Jun  2 11:02:39 tests-MacBook-Air-2.local ldiscan[6700] <Info>: Child process 6752 started
Jun  2 11:02:39 tests-MacBook-Air-2.local ldiscan[6700] <Info>: 		Read 9489 bytes from process
Jun  2 11:02:39 tests-MacBook-Air-2.local ldiscan[6700] <Info>: 	Profiler terminated normally
Jun  2 11:02:39 tests-MacBook-Air-2.local ldiscan[6700] <Info>:   Scanning Volumes.
Jun  2 11:02:39 tests-MacBook-Air-2.local ldiscan[6700] <Info>:   Scanning CD/DVD drives.
Jun  2 11:02:39 tests-MacBook-Air-2.local ldiscan[6700] <Info>: 		Launching command: /usr/sbin/system_profiler
Jun  2 11:02:39 tests-MacBook-Air-2.local ldiscan[6700] <Info>: Child process 6755 started
Jun  2 11:02:40 tests-MacBook-Air-2.local ldiscan[6700] <Info>: 		Read 4319 bytes from process
Jun  2 11:02:40 tests-MacBook-Air-2.local ldiscan[6700] <Info>: 	Profiler terminated normally
Jun  2 11:02:40 tests-MacBook-Air-2.local ldiscan[6700] <Info>:   Scanning FileVault.
Jun  2 11:02:40 tests-MacBook-Air-2.local ldiscan[6700] <Info>:   Scanning System.
Jun  2 11:02:40 tests-MacBook-Air-2.local ldiscan[6700] <Info>:   Scanning Environment.
Jun  2 11:02:40 tests-MacBook-Air-2.local ldiscan[6700] <Info>:   Scanning Processes.
Jun  2 11:02:40 tests-MacBook-Air-2.local ldiscan[6700] <Info>:   Scanning Memory.
Jun  2 11:02:40 tests-MacBook-Air-2.local ldiscan[6700] <Info>: 		Launching command: /usr/sbin/system_profiler
Jun  2 11:02:40 tests-MacBook-Air-2.local ldiscan[6700] <Info>: Child process 6765 started
Jun  2 11:02:40 tests-MacBook-Air-2.local ldiscan[6700] <Info>: 		Read 3406 bytes from process
Jun  2 11:02:40 tests-MacBook-Air-2.local ldiscan[6700] <Info>: 	Profiler terminated normally
Jun  2 11:02:40 tests-MacBook-Air-2.local ldiscan[6700] <Info>:   Scanning Profiles.
Jun  2 11:02:40 tests-MacBook-Air-2.local lddispatch[91] <Info>: Got ID size = 5
Jun  2 11:02:40 tests-MacBook-Air-2.local lddispatch[91] <Info>: Got address size = 36
Jun  2 11:02:40 tests-MacBook-Air-2.local lddispatch[91] <Info>: Got NULL size = 0
Jun  2 11:02:40 tests-MacBook-Air-2.local lddispatch[91] <Info>: Got message size = 477
Jun  2 11:02:40 tests-MacBook-Air-2.local lddispatch[91] <Info>: Start process on thread 4
Jun  2 11:02:40 tests-MacBook-Air-2.local lddispatch[91] <Info>: Finish process on thread 4
Jun  2 11:02:40 tests-MacBook-Air-2.local lddispatch[91] <Info>: Start listening on thread 4
Jun  2 11:02:40 tests-MacBook-Air-2.local ldiscan[6700] <Info>:   Scanning Network.
Jun  2 11:02:40 tests-MacBook-Air-2.local ldiscan[6700] <Info>:     Collect Active Directory information.
Jun  2 11:02:41 tests-MacBook-Air-2.local sdclient[6720] <Info>: Final result = 0
Jun  2 11:02:41 tests-MacBook-Air-2.local lddispatch[91] <Info>: Finish process on thread 1
Jun  2 11:02:41 tests-MacBook-Air-2.local lddispatch[91] <Info>: Start listening on thread 1
Jun  2 11:02:41 tests-MacBook-Air-2.local ldscheduler[87] <Info>: event count: 1
Jun  2 11:02:41 tests-MacBook-Air-2.local ldscheduler[87] <Info>: file was created, deleted, renamed or modified 
Jun  2 11:02:41 tests-MacBook-Air-2.local ldiscan[6700] <Info>:   Scanning USB.
Jun  2 11:02:41 tests-MacBook-Air-2.local ldiscan[6700] <Info>:   Scanning Firewire.
Jun  2 11:02:41 tests-MacBook-Air-2.local ldiscan[6700] <Info>:   Scanning Bluetooth.
Jun  2 11:02:41 tests-MacBook-Air-2.local ldiscan[6700] <Info>: 		Launching command: /usr/sbin/system_profiler
Jun  2 11:02:41 tests-MacBook-Air-2.local ldiscan[6700] <Info>: Child process 6784 started
Jun  2 11:02:41 tests-MacBook-Air-2.local ldiscan[6700] <Info>: 		Read 15702 bytes from process
Jun  2 11:02:41 tests-MacBook-Air-2.local ldiscan[6700] <Info>: 	Profiler terminated normally
Jun  2 11:02:41 tests-MacBook-Air-2.local ldiscan[6700] <Info>:   Scanning PCI.
Jun  2 11:02:41 tests-MacBook-Air-2.local ldiscan[6700] <Info>:   Scanning Battery.
Jun  2 11:02:41 tests-MacBook-Air-2.local ldiscan[6700] <Info>: 		Launching command: /usr/sbin/system_profiler
Jun  2 11:02:41 tests-MacBook-Air-2.local ldiscan[6700] <Info>: Child process 6787 started
Jun  2 11:02:42 tests-MacBook-Air-2.local ldiscan[6700] <Info>: 		Read 11602 bytes from process
Jun  2 11:02:42 tests-MacBook-Air-2.local ldiscan[6700] <Info>: 	Profiler terminated normally
Jun  2 11:02:42 tests-MacBook-Air-2.local ldiscan[6700] <Critical>: Updating Last scan date: Fri Jun 02 2017, 11:02:42 CST
Jun  2 11:02:42 tests-MacBook-Air-2.local ldiscan[6700] <Info>: Scanning software.
Jun  2 11:02:42 tests-MacBook-Air-2.local ldiscan[6700] <Info>:   Scanning fonts.
Jun  2 11:02:42 tests-MacBook-Air-2.local ldiscan[6700] <Info>:   Scanning for ScanExtensions files.
Jun  2 11:02:43 tests-MacBook-Air-2.local ldscheduler[87] <Info>: processFile: /Library/Application Support/LANDesk/scheduler/ABDD7166-FA61-497C-A9B3-796C6782D30B.xml
Jun  2 11:02:43 tests-MacBook-Air-2.local ldscheduler[87] <Info>: Next run time for ABDD7166-FA61-497C-A9B3-796C6782D30B.xml is 2017-06-02T11:02:43GMT+8
Jun  2 11:02:43 tests-MacBook-Air-2.local ldscheduler[87] <Info>: processFile: /Library/Application Support/LANDesk/scheduler/ldcron-ldapm.xml
Jun  2 11:02:43 tests-MacBook-Air-2.local ldscheduler[87] <Info>: Next run time for ldcron-ldapm.xml is 2017-06-02T14:55:53GMT+8
Jun  2 11:02:43 tests-MacBook-Air-2.local ldscheduler[87] <Info>: processFile: /Library/Application Support/LANDesk/scheduler/ldcron-ldiscan.xml
Jun  2 11:02:43 tests-MacBook-Air-2.local ldscheduler[87] <Info>: Next run time for ldcron-ldiscan.xml is 2017-06-03T11:02:38GMT+8
Jun  2 11:02:43 tests-MacBook-Air-2.local ldscheduler[87] <Info>: processFile: /Library/Application Support/LANDesk/scheduler/ldcron-ldpatch.xml
Jun  2 11:02:43 tests-MacBook-Air-2.local ldscheduler[87] <Info>: Next run time for ldcron-ldpatch.xml is 2017-06-08T10:23:49GMT+8
Jun  2 11:02:43 tests-MacBook-Air-2.local ldscheduler[87] <Info>: processFile: /Library/Application Support/LANDesk/scheduler/ldcron-redirclean.xml
Jun  2 11:02:43 tests-MacBook-Air-2.local ldscheduler[87] <Info>: Next run time for ldcron-redirclean.xml is 2017-06-09T11:02:38GMT+8
Jun  2 11:02:43 tests-MacBook-Air-2.local ldscheduler[87] <Info>: processFile: /Library/Application Support/LANDesk/scheduler/ldcron-sdclean.xml
Jun  2 11:02:43 tests-MacBook-Air-2.local ldscheduler[87] <Info>: Next run time for ldcron-sdclean.xml is 2017-06-08T10:23:49GMT+8
Jun  2 11:02:43 tests-MacBook-Air-2.local ldscheduler[87] <Info>: processFile: /Library/Application Support/LANDesk/scheduler/ldcron-settingsupdate.xml
Jun  2 11:02:43 tests-MacBook-Air-2.local ldscheduler[87] <Info>: Next run time for ldcron-settingsupdate.xml is 2017-06-02T18:55:53GMT+8
Jun  2 11:02:43 tests-MacBook-Air-2.local ldscheduler[87] <Info>: LDSchedulerQueue updateQueues: found a completed task (pid = 6701) blocking the redirclean queue and cleared it
Jun  2 11:02:43 tests-MacBook-Air-2.local ldscheduler[87] <Info>: runCommand = "/Library/Application Support/LANDesk/bin/vulscand" /taskid=876 "/policyfile=CP.876.RunNow.xml"
Jun  2 11:02:43 tests-MacBook-Air-2.local lddispatch[91] <Info>: Got ID size = 5
Jun  2 11:02:43 tests-MacBook-Air-2.local lddispatch[91] <Info>: Got address size = 36
Jun  2 11:02:43 tests-MacBook-Air-2.local lddispatch[91] <Info>: Got NULL size = 0
Jun  2 11:02:43 tests-MacBook-Air-2.local lddispatch[91] <Info>: Got message size = 472
Jun  2 11:02:43 tests-MacBook-Air-2.local lddispatch[91] <Info>: Start process on thread 3
Jun  2 11:02:43 tests-MacBook-Air-2.local lddispatch[91] <Info>: Finish process on thread 3
Jun  2 11:02:43 tests-MacBook-Air-2.local lddispatch[91] <Info>: Start listening on thread 3
Jun  2 11:02:43 tests-MacBook-Air-2.local ldscheduler[87] <Info>: LCLaunchAndGetPID Successful: "/Library/Application Support/LANDesk/bin/vulscand" /taskid=876 "/policyfile=CP.876.RunNow.xml" result = 0, pid = 6792, setting running task
Jun  2 11:02:43 tests-MacBook-Air-2.local ldscheduler[87] <Info>: processFile: /Library/Application Support/LANDesk/scheduler/ABDD7166-FA61-497C-A9B3-796C6782D30B.xml
Jun  2 11:02:43 tests-MacBook-Air-2.local ldscheduler[87] <Info>: deleteFile - gone!: /Library/Application Support/LANDesk/scheduler/ABDD7166-FA61-497C-A9B3-796C6782D30B.xml
Jun  2 11:02:43 tests-MacBook-Air-2.local vulscand[6792] <Info>: Starting vulscan
Jun  2 11:02:43 tests-MacBook-Air-2.local vulscand[6792] <Info>: 	argv[0] = /Library/Application Support/LANDesk/bin/vulscand
Jun  2 11:02:43 tests-MacBook-Air-2.local vulscand[6792] <Info>: 	argv[1] = /taskid=876
Jun  2 11:02:43 tests-MacBook-Air-2.local vulscand[6792] <Info>: 	argv[2] = /policyfile=CP.876.RunNow.xml
Jun  2 11:02:43 tests-MacBook-Air-2.local vulscand[6792] <Info>: Processing Commandline Arguments
Jun  2 11:02:43 tests-MacBook-Air-2.local vulscand[6792] <Info>: write policy status file taskid=876
Jun  2 11:02:43 tests-MacBook-Air-2.local vulscand[6792] <Info>: Got the lock on vulscand.
Jun  2 11:02:43 tests-MacBook-Air-2.local vulscand[6792] <Info>: Patch started.
Jun  2 11:02:43 tests-MacBook-Air-2.local vulscand[6792] <Info>: coreserver = 127.0.0.1:9592
Jun  2 11:02:43 tests-MacBook-Air-2.local vulscand[6792] <Info>: coreAccess = true
Jun  2 11:02:43 tests-MacBook-Air-2.local vulscand[6792] <Info>: Downloading agent behavior file: http://127.0.0.1:9592/ldlogon/AgentBehaviors/AgentBehavior_WIN-5CUO5SV10D2_v492.xml
Jun  2 11:02:43 tests-MacBook-Air-2.local vulscand[6792] <Info>: Downloading agent behavior file: http://127.0.0.1:9592/ldlogon/AgentBehaviors/RebootBehavior_WIN-5CUO5SV10D2_v500.xml
Jun  2 11:02:44 tests-MacBook-Air-2.local vulscand[6792] <Info>: Downloading image file: http://127.0.0.1:9592/ldlogon/Images/LdCustomBanner.jpg
Jun  2 11:02:44 tests-MacBook-Air-2.local vulscand[6792] <Info>: Downloading image file: http://127.0.0.1:9592/ldlogon/Images/LdCustomBanner.png
Jun  2 11:02:44 tests-MacBook-Air-2.local vulscand[6792] <Info>: Downloading image file: http://127.0.0.1:9592/ldlogon/Images/LdCustomIcon.ico
Jun  2 11:02:44 tests-MacBook-Air-2.local vulscand[6792] <Info>: Begin updating the vulnerabilities...
Jun  2 11:02:44 tests-MacBook-Air-2.local vulscand[6792] <Info>: Updating INTL vulnerabilities.
Jun  2 11:02:44 tests-MacBook-Air-2.local vulscand[6792] <Info>: Path to vulnerabilities for language: /Library/Application Support/LANDesk/data/patches/Vulnerabilities_127.0.0.1:9592-INTL.xml
Jun  2 11:02:44 tests-MacBook-Air-2.local vulscand[6792] <Info>: Updating CHS vulnerabilities.
Jun  2 11:02:45 tests-MacBook-Air-2.local vulscand[6792] <Info>: Path to vulnerabilities for language: /Library/Application Support/LANDesk/data/patches/Vulnerabilities_127.0.0.1:9592-CHS.xml
Jun  2 11:02:45 tests-MacBook-Air-2.local vulscand[6792] <Info>: Updating CHT vulnerabilities.
Jun  2 11:02:45 tests-MacBook-Air-2.local vulscand[6792] <Info>: Path to vulnerabilities for language: /Library/Application Support/LANDesk/data/patches/Vulnerabilities_127.0.0.1:9592-CHT.xml
Jun  2 11:02:45 tests-MacBook-Air-2.local vulscand[6792] <Info>: Updating DAN vulnerabilities.
Jun  2 11:02:45 tests-MacBook-Air-2.local vulscand[6792] <Info>: Path to vulnerabilities for language: /Library/Application Support/LANDesk/data/patches/Vulnerabilities_127.0.0.1:9592-DAN.xml
Jun  2 11:02:45 tests-MacBook-Air-2.local vulscand[6792] <Info>: Updating DEU vulnerabilities.
Jun  2 11:02:45 tests-MacBook-Air-2.local vulscand[6792] <Info>: Path to vulnerabilities for language: /Library/Application Support/LANDesk/data/patches/Vulnerabilities_127.0.0.1:9592-DEU.xml
Jun  2 11:02:45 tests-MacBook-Air-2.local vulscand[6792] <Info>: Updating ENU vulnerabilities.
Jun  2 11:02:46 tests-MacBook-Air-2.local vulscand[6792] <Info>: Path to vulnerabilities for language: /Library/Application Support/LANDesk/data/patches/Vulnerabilities_127.0.0.1:9592-ENU.xml
Jun  2 11:02:46 tests-MacBook-Air-2.local ldslm[6551] <Info>: Couldnt track (null): no bundleID
Jun  2 11:02:46 tests-MacBook-Air-2.local vulscand[6792] <Info>: Updating ESN vulnerabilities.
Jun  2 11:02:46 tests-MacBook-Air-2.local vulscand[6792] <Info>: Path to vulnerabilities for language: /Library/Application Support/LANDesk/data/patches/Vulnerabilities_127.0.0.1:9592-ESN.xml
Jun  2 11:02:46 tests-MacBook-Air-2.local vulscand[6792] <Info>: Updating FIN vulnerabilities.
Jun  2 11:02:46 tests-MacBook-Air-2.local vulscand[6792] <Info>: Path to vulnerabilities for language: /Library/Application Support/LANDesk/data/patches/Vulnerabilities_127.0.0.1:9592-FIN.xml
Jun  2 11:02:46 tests-MacBook-Air-2.local vulscand[6792] <Info>: Updating FRA vulnerabilities.
Jun  2 11:02:46 tests-MacBook-Air-2.local vulscand[6792] <Info>: Path to vulnerabilities for language: /Library/Application Support/LANDesk/data/patches/Vulnerabilities_127.0.0.1:9592-FRA.xml
Jun  2 11:02:46 tests-MacBook-Air-2.local vulscand[6792] <Info>: Updating ITA vulnerabilities.
Jun  2 11:02:46 tests-MacBook-Air-2.local vulscand[6792] <Info>: Path to vulnerabilities for language: /Library/Application Support/LANDesk/data/patches/Vulnerabilities_127.0.0.1:9592-ITA.xml
Jun  2 11:02:46 tests-MacBook-Air-2.local vulscand[6792] <Info>: Updating JPN vulnerabilities.
Jun  2 11:02:47 tests-MacBook-Air-2.local vulscand[6792] <Info>: Path to vulnerabilities for language: /Library/Application Support/LANDesk/data/patches/Vulnerabilities_127.0.0.1:9592-JPN.xml
Jun  2 11:02:47 tests-MacBook-Air-2.local vulscand[6792] <Info>: Updating NLD vulnerabilities.
Jun  2 11:02:47 tests-MacBook-Air-2.local vulscand[6792] <Info>: Path to vulnerabilities for language: /Library/Application Support/LANDesk/data/patches/Vulnerabilities_127.0.0.1:9592-NLD.xml
Jun  2 11:02:47 tests-MacBook-Air-2.local vulscand[6792] <Info>: Updating NOR vulnerabilities.
Jun  2 11:02:47 tests-MacBook-Air-2.local vulscand[6792] <Info>: Path to vulnerabilities for language: /Library/Application Support/LANDesk/data/patches/Vulnerabilities_127.0.0.1:9592-NOR.xml
Jun  2 11:02:47 tests-MacBook-Air-2.local vulscand[6792] <Info>: Updating PLK vulnerabilities.
Jun  2 11:02:47 tests-MacBook-Air-2.local vulscand[6792] <Info>: Path to vulnerabilities for language: /Library/Application Support/LANDesk/data/patches/Vulnerabilities_127.0.0.1:9592-PLK.xml
Jun  2 11:02:47 tests-MacBook-Air-2.local vulscand[6792] <Info>: Updating RUS vulnerabilities.
Jun  2 11:02:47 tests-MacBook-Air-2.local vulscand[6792] <Info>: Path to vulnerabilities for language: /Library/Application Support/LANDesk/data/patches/Vulnerabilities_127.0.0.1:9592-RUS.xml
Jun  2 11:02:47 tests-MacBook-Air-2.local vulscand[6792] <Info>: Updating SVE vulnerabilities.
Jun  2 11:02:47 tests-MacBook-Air-2.local vulscand[6792] <Info>: Path to vulnerabilities for language: /Library/Application Support/LANDesk/data/patches/Vulnerabilities_127.0.0.1:9592-SVE.xml
Jun  2 11:02:47 tests-MacBook-Air-2.local vulscand[6792] <Info>: Path to vulnerabilities for language: /Library/Application Support/LANDesk/data/patches/Vulnerabilities_127.0.0.1:9592-INTL.xml
Jun  2 11:02:47 tests-MacBook-Air-2.local vulscand[6792] <Info>: Path to vulnerabilities for language: /Library/Application Support/LANDesk/data/patches/Vulnerabilities_127.0.0.1:9592-CHS.xml
Jun  2 11:02:47 tests-MacBook-Air-2.local vulscand[6792] <Info>: Path to vulnerabilities for language: /Library/Application Support/LANDesk/data/patches/Vulnerabilities_127.0.0.1:9592-CHT.xml
Jun  2 11:02:47 tests-MacBook-Air-2.local vulscand[6792] <Info>: Path to vulnerabilities for language: /Library/Application Support/LANDesk/data/patches/Vulnerabilities_127.0.0.1:9592-DAN.xml
Jun  2 11:02:47 tests-MacBook-Air-2.local vulscand[6792] <Info>: Path to vulnerabilities for language: /Library/Application Support/LANDesk/data/patches/Vulnerabilities_127.0.0.1:9592-DEU.xml
Jun  2 11:02:47 tests-MacBook-Air-2.local vulscand[6792] <Info>: Path to vulnerabilities for language: /Library/Application Support/LANDesk/data/patches/Vulnerabilities_127.0.0.1:9592-ENU.xml
Jun  2 11:02:47 tests-MacBook-Air-2.local vulscand[6792] <Info>: Path to vulnerabilities for language: /Library/Application Support/LANDesk/data/patches/Vulnerabilities_127.0.0.1:9592-ESN.xml
Jun  2 11:02:47 tests-MacBook-Air-2.local vulscand[6792] <Info>: Path to vulnerabilities for language: /Library/Application Support/LANDesk/data/patches/Vulnerabilities_127.0.0.1:9592-FIN.xml
Jun  2 11:02:47 tests-MacBook-Air-2.local vulscand[6792] <Info>: Path to vulnerabilities for language: /Library/Application Support/LANDesk/data/patches/Vulnerabilities_127.0.0.1:9592-FRA.xml
Jun  2 11:02:47 tests-MacBook-Air-2.local vulscand[6792] <Info>: Path to vulnerabilities for language: /Library/Application Support/LANDesk/data/patches/Vulnerabilities_127.0.0.1:9592-ITA.xml
Jun  2 11:02:47 tests-MacBook-Air-2.local vulscand[6792] <Info>: Path to vulnerabilities for language: /Library/Application Support/LANDesk/data/patches/Vulnerabilities_127.0.0.1:9592-JPN.xml
Jun  2 11:02:47 tests-MacBook-Air-2.local vulscand[6792] <Info>: Path to vulnerabilities for language: /Library/Application Support/LANDesk/data/patches/Vulnerabilities_127.0.0.1:9592-NLD.xml
Jun  2 11:02:47 tests-MacBook-Air-2.local vulscand[6792] <Info>: Path to vulnerabilities for language: /Library/Application Support/LANDesk/data/patches/Vulnerabilities_127.0.0.1:9592-NOR.xml
Jun  2 11:02:47 tests-MacBook-Air-2.local vulscand[6792] <Info>: Path to vulnerabilities for language: /Library/Application Support/LANDesk/data/patches/Vulnerabilities_127.0.0.1:9592-PLK.xml
Jun  2 11:02:47 tests-MacBook-Air-2.local vulscand[6792] <Info>: Path to vulnerabilities for language: /Library/Application Support/LANDesk/data/patches/Vulnerabilities_127.0.0.1:9592-RUS.xml
Jun  2 11:02:47 tests-MacBook-Air-2.local vulscand[6792] <Info>: Path to vulnerabilities for language: /Library/Application Support/LANDesk/data/patches/Vulnerabilities_127.0.0.1:9592-SVE.xml
Jun  2 11:02:47 tests-MacBook-Air-2.local vulscand[6792] <Info>: SybokApplication::GetSoftwareupdateRequirements - requirements = 0
Jun  2 11:02:47 tests-MacBook-Air-2.local vulscand[6792] <Info>: Scanning: Autofix/Repair Mode ...
Jun  2 11:02:47 tests-MacBook-Air-2.local vulscand[6792] <Info>: Made it to VulsacnApplication.Repair
Jun  2 11:02:47 tests-MacBook-Air-2.local vulscand[6792] <Info>: And I think I need to repair them
Jun  2 11:02:47 tests-MacBook-Air-2.local vulscand[6792] <Info>: Repairing softwareupdate vulnerabilities (null)
Jun  2 11:02:47 tests-MacBook-Air-2.local vulscand[6792] <Info>: Starting stonn.Repair: gASWUpdateOptions = 0
Jun  2 11:02:47 tests-MacBook-Air-2.local vulscand[6792] <Info>: Made it to Stonn.Repair. softwareUpdate = 0
Jun  2 11:02:47 tests-MacBook-Air-2.local vulscand[6792] <Info>: Repairing vulnerability INTL_Adobe-PhotoShop-CC-2015-1701_test
Jun  2 11:02:47 tests-MacBook-Air-2.local vulscand[6792] <Info>: GetPatchesForVulnerability(INTL_Adobe-PhotoShop-CC-2015-1701_test)
Jun  2 11:02:47 tests-MacBook-Air-2.local vulscand[6792] <Info>: Downloading the patch http://win-5cuo5sv10d2/LDLogon/patch/AdobePhotoshop17.0.1-mul.dmg 
Jun  2 11:02:47 tests-MacBook-Air-2.local sdclient[6815] <Info>: SDCLIENT: processing: "-noinstall"
Jun  2 11:02:47 tests-MacBook-Air-2.local sdclient[6815] <Info>: SDCLIENT: processing: "-package"
Jun  2 11:02:48 tests-MacBook-Air-2.local sdclient[6815] <Info>: Downloader/Multicast using config file located here: /Library/Application Support/LANDesk/data/multicast/downloadermulticastconf.xml
Jun  2 11:02:48 tests-MacBook-Air-2.local sdclient[6815] <Info>: About to call DownloadFiles (1 files) with these settings:
Jun  2 11:02:48 tests-MacBook-Air-2.local sdclient[6815] <Info>: m_allowedBandwidthWAN: 100
Jun  2 11:02:48 tests-MacBook-Air-2.local sdclient[6815] <Info>: m_allowedBandwidthLAN: 100
Jun  2 11:02:48 tests-MacBook-Air-2.local sdclient[6815] <Info>: m_discardPeriodSeconds: 604800
Jun  2 11:02:48 tests-MacBook-Air-2.local sdclient[6815] <Info>: m_preserveDirectoryStructure: 0
Jun  2 11:02:48 tests-MacBook-Air-2.local sdclient[6815] <Info>: m_bUseWanBWForPush: 0
Jun  2 11:02:48 tests-MacBook-Air-2.local sdclient[6815] <Info>: m_bSynchronize: 0
Jun  2 11:02:48 tests-MacBook-Air-2.local sdclient[6815] <Info>: Allowed download methods(m_downloadControl):
Jun  2 11:02:48 tests-MacBook-Air-2.local sdclient[6815] <Info>: Peer
Jun  2 11:02:48 tests-MacBook-Air-2.local sdclient[6815] <Info>: Source
Jun  2 11:02:48 tests-MacBook-Air-2.local sdclient[6815] <Info>: m_preferredServerControl: AttemptPreferredServer
Jun  2 11:03:02 tests-MacBook-Air-2.local ldiscan[6700] <Info>:   Scanning for MultiMedia files.
Jun  2 11:03:05 tests-MacBook-Air-2.local ldwatch[89] <Info>: IPv4Changed_TimerCallBack2 was called - get scan at IPv4 change.
Jun  2 11:03:06 tests-MacBook-Air-2.local ldwatch[89] <Info>:  LCPrefsAPM::GetPrefs()->GetCurrentStartAtIPv4Change() = false.
Jun  2 11:03:07 tests-MacBook-Air-2.local ldiscan[6700] <Info>: 		Launching command: /usr/sbin/system_profiler
Jun  2 11:03:07 tests-MacBook-Air-2.local ldiscan[6700] <Info>: Child process 6828 started
Jun  2 11:03:11 tests-MacBook-Air-2.local ldscheduler[87] <Info>: event count: 1
Jun  2 11:03:11 tests-MacBook-Air-2.local ldscheduler[87] <Info>: file was created, deleted, renamed or modified 
Jun  2 11:03:13 tests-MacBook-Air-2.local ldscheduler[87] <Info>: processFile: /Library/Application Support/LANDesk/scheduler/C086B542-8CED-45CE-AF1C-5BB53619C681.xml
Jun  2 11:03:13 tests-MacBook-Air-2.local ldscheduler[87] <Info>: Next run time for C086B542-8CED-45CE-AF1C-5BB53619C681.xml is 2017-06-02T11:03:13GMT+8
Jun  2 11:03:13 tests-MacBook-Air-2.local ldscheduler[87] <Info>: processFile: /Library/Application Support/LANDesk/scheduler/ldcron-ldapm.xml
Jun  2 11:03:13 tests-MacBook-Air-2.local ldscheduler[87] <Info>: Next run time for ldcron-ldapm.xml is 2017-06-02T14:55:53GMT+8
Jun  2 11:03:13 tests-MacBook-Air-2.local ldscheduler[87] <Info>: processFile: /Library/Application Support/LANDesk/scheduler/ldcron-ldiscan.xml
Jun  2 11:03:13 tests-MacBook-Air-2.local ldscheduler[87] <Info>: Next run time for ldcron-ldiscan.xml is 2017-06-03T11:02:38GMT+8
Jun  2 11:03:13 tests-MacBook-Air-2.local ldscheduler[87] <Info>: processFile: /Library/Application Support/LANDesk/scheduler/ldcron-ldpatch.xml
Jun  2 11:03:13 tests-MacBook-Air-2.local ldscheduler[87] <Info>: Next run time for ldcron-ldpatch.xml is 2017-06-08T10:23:49GMT+8
Jun  2 11:03:13 tests-MacBook-Air-2.local ldscheduler[87] <Info>: processFile: /Library/Application Support/LANDesk/scheduler/ldcron-redirclean.xml
Jun  2 11:03:13 tests-MacBook-Air-2.local ldscheduler[87] <Info>: Next run time for ldcron-redirclean.xml is 2017-06-09T11:02:38GMT+8
Jun  2 11:03:13 tests-MacBook-Air-2.local ldscheduler[87] <Info>: processFile: /Library/Application Support/LANDesk/scheduler/ldcron-sdclean.xml
Jun  2 11:03:13 tests-MacBook-Air-2.local ldscheduler[87] <Info>: Next run time for ldcron-sdclean.xml is 2017-06-08T10:23:49GMT+8
Jun  2 11:03:13 tests-MacBook-Air-2.local ldscheduler[87] <Info>: processFile: /Library/Application Support/LANDesk/scheduler/ldcron-settingsupdate.xml
Jun  2 11:03:13 tests-MacBook-Air-2.local ldscheduler[87] <Info>: Next run time for ldcron-settingsupdate.xml is 2017-06-02T18:55:53GMT+8
Jun  2 11:03:13 tests-MacBook-Air-2.local ldscheduler[87] <Info>: runCommand = /Library/Application\ Support/LANDesk/bin/ldiscan -t
Jun  2 11:03:13 tests-MacBook-Air-2.local lddispatch[91] <Info>: Got ID size = 5
Jun  2 11:03:13 tests-MacBook-Air-2.local lddispatch[91] <Info>: Got address size = 36
Jun  2 11:03:13 tests-MacBook-Air-2.local lddispatch[91] <Info>: Got NULL size = 0
Jun  2 11:03:13 tests-MacBook-Air-2.local lddispatch[91] <Info>: Got message size = 413
Jun  2 11:03:13 tests-MacBook-Air-2.local lddispatch[91] <Info>: Start process on thread 5
Jun  2 11:03:13 tests-MacBook-Air-2.local lddispatch[91] <Info>: Finish process on thread 5
Jun  2 11:03:13 tests-MacBook-Air-2.local lddispatch[91] <Info>: Start listening on thread 5
Jun  2 11:03:13 tests-MacBook-Air-2.local ldscheduler[87] <Info>: LCLaunchAndGetPID Successful: /Library/Application\ Support/LANDesk/bin/ldiscan -t result = 0, pid = 6832, setting running task
Jun  2 11:03:13 tests-MacBook-Air-2.local ldscheduler[87] <Info>: processFile: /Library/Application Support/LANDesk/scheduler/C086B542-8CED-45CE-AF1C-5BB53619C681.xml
Jun  2 11:03:13 tests-MacBook-Air-2.local ldscheduler[87] <Info>: deleteFile - gone!: /Library/Application Support/LANDesk/scheduler/C086B542-8CED-45CE-AF1C-5BB53619C681.xml
Jun  2 11:03:13 tests-MacBook-Air-2.local ldiscan[6832] <Alert>: ldscan.pid lock failed, another instance of ldiscan may be running.
Jun  2 11:03:13 tests-MacBook-Air-2.local ldiscan[6832] <Alert>: ldscan.pid lock failed: Resource temporarily unavailable (35).
Jun  2 11:03:23 tests-MacBook-Air-2.local ldiscan[6700] <Info>: 		Read 402606 bytes from process
Jun  2 11:03:23 tests-MacBook-Air-2.local ldiscan[6700] <Info>: 	Profiler terminated normally
Jun  2 11:03:26 tests-MacBook-Air-2.local ldiscan[6700] <Info>: 		Launching command: /usr/sbin/system_profiler
Jun  2 11:03:26 tests-MacBook-Air-2.local ldiscan[6700] <Info>: Child process 7184 started
Jun  2 11:03:35 tests-MacBook-Air-2.local ldiscan[6700] <Info>: 		Read 410326 bytes from process
Jun  2 11:03:35 tests-MacBook-Air-2.local ldiscan[6700] <Info>: 	Profiler terminated normally
Jun  2 11:03:36 tests-MacBook-Air-2.local ldiscan[6700] <Info>: Finished Reporting Software Information.
Jun  2 11:03:36 tests-MacBook-Air-2.local ldiscan[6700] <Info>:   Scanning for Custom Data.
Jun  2 11:03:36 tests-MacBook-Air-2.local ldiscan[6700] <Info>:   Checking for tombstones.
Jun  2 11:03:36 tests-MacBook-Air-2.local ldiscan[6700] <Info>: Tombstome file was not found, assuming no deleted items.
Jun  2 11:03:36 tests-MacBook-Air-2.local ldiscan[6700] <Info>:   Closing scan file
Jun  2 11:03:36 tests-MacBook-Air-2.local ldiscan[6700] <Info>: Sending scan file to server: WIN-5CUO5SV10D2.ld.landesk.com
Jun  2 11:03:36 tests-MacBook-Air-2.local ldiscan[6700] <Info>: Status from core = HTTP/1.1 202 Accepted
Jun  2 11:03:36 tests-MacBook-Air-2.local ldiscan[6700] <Info>: Finished sending scan file to server.
Jun  2 11:03:36 tests-MacBook-Air-2.local ldiscan[6700] <Critical>: Temp file deleted.
Jun  2 11:03:36 tests-MacBook-Air-2.local ldiscan[6700] <Info>: Scanning done.
Jun  2 11:03:36 tests-MacBook-Air-2.local ldiscan[6700] <Critical>: Releasing the lock on ldscan.
Jun  2 11:05:31 tests-MacBook-Air-2.local sdclient[6815] <Info>: Final result = 0
Jun  2 11:05:31 tests-MacBook-Air-2.local vulscand[6792] <Info>: Finish downloading 1 webPatch(es).
Jun  2 11:05:31 tests-MacBook-Air-2.local vulscand[6792] <Info>: ****************************************************** Reboot resolved *************************
Jun  2 11:05:31 tests-MacBook-Air-2.local vulscand[6792] <Info>: getInstallReadiness:0
Jun  2 11:05:31 tests-MacBook-Air-2.local vulscand[6792] <Info>: DistAndPatchDeferralOption shouldInstall - ResolveAlertOptions result:1
Jun  2 11:05:31 tests-MacBook-Air-2.local vulscand[6792] <Info>: DistAndPatchDeferralOption shouldInstall result:0
Jun  2 11:05:31 tests-MacBook-Air-2.local vulscand[6792] <Info>: Processing 1 webPatches.
Jun  2 11:05:31 tests-MacBook-Air-2.local vulscand[6792] <Info>: Made it to ProcessAWebPatch
Jun  2 11:05:31 tests-MacBook-Air-2.local vulscand[6792] <Info>: ProcessAWebPatch wants to install Adobe-PhotoShop-CC-2015-1701_test
Jun  2 11:05:31 tests-MacBook-Air-2.local vulscand[6792] <Info>: isVulnerability - fVulnerabilityArray is nil!!
Jun  2 11:05:31 tests-MacBook-Air-2.local vulscand[6792] <Info>: Processed 0 patch(es)
Jun  2 11:05:31 tests-MacBook-Air-2.local vulscand[6792] <Info>: Scanning non-software update vulnerabilities...
Jun  2 11:05:31 tests-MacBook-Air-2.local vulscand[6792] <Info>: Scanning vulnerabilities
Jun  2 11:05:31 tests-MacBook-Air-2.local vulscand[6792] <Info>: Path to vulnerabilities for language: /Library/Application Support/LANDesk/data/patches/Vulnerabilities_127.0.0.1:9592-INTL.xml
Jun  2 11:05:31 tests-MacBook-Air-2.local vulscand[6792] <Info>: Scanning INTL vulnerabilities.
Jun  2 11:05:31 tests-MacBook-Air-2.local vulscand[6792] <Info>: ProcessVulnerabilities called with <CFTree 0x7f9e6bec8500 [0x7fff7415df00]>{children = 1368, context = CFXMLNode 0x7f9e6bec84b0>{typeID = 2, string = vulnerabilities}}
Jun  2 11:05:31 tests-MacBook-Air-2.local vulscand[6792] <Info>: ===== Processing the Vulnerability (Adobe-PhotoShop-CC-2015-1701_test) =====
Jun  2 11:05:31 tests-MacBook-Air-2.local vulscand[6792] <Info>: 	Verifying the rules of patch...
Jun  2 11:05:31 tests-MacBook-Air-2.local vulscand[6792] <Info>: 	Verifying file rule of Uninstallinfo...
Jun  2 11:05:31 tests-MacBook-Air-2.local vulscand[6792] <Info>: 	Looking for Product AdobePhotoshopCC
Jun  2 11:05:31 tests-MacBook-Air-2.local vulscand[6792] <Info>: 	Checking OS Version...
Jun  2 11:05:31 tests-MacBook-Air-2.local vulscand[6792] <Info>: 	minVersion is 10.9.0, found version is 10.9.5, maxversion is 10.11.9
Jun  2 11:05:31 tests-MacBook-Air-2.local vulscand[6792] <Info>: 	The version found on client box is between 10.9.0 and 10.11.9
Jun  2 11:05:31 tests-MacBook-Air-2.local vulscand[6792] <Info>: 	File(OSVERSION) IS vulnerable
Jun  2 11:05:31 tests-MacBook-Air-2.local vulscand[6792] <Info>: 	File(CPUFAMILY) IS vulnerable
Jun  2 11:05:31 tests-MacBook-Air-2.local vulscand[6792] <Info>: 	File(/Applications/Adobe Photoshop CC 2015.5/Adobe Photoshop CC 2015.5.app/) IS vulnerable
Jun  2 11:05:31 tests-MacBook-Air-2.local vulscand[6792] <Info>: 	Product(ID=AdobePhotoshopCC, Adobe Photoshop CC 2015.1.2 Update) IS vulnerable
Jun  2 11:05:34 tests-MacBook-Air-2.local vulscand[6792] <Info>: 	Find (Adobe Photoshop CC 2015.5.app) result: FSCatalogSearch found 1 files.
Jun  2 11:05:34 tests-MacBook-Air-2.local vulscand[6792] <Info>: 	Found the application: /Applications/Adobe%20Photoshop%20CC%202015.5/Adobe%20Photoshop%20CC%202015.5.app/ - Its version is 17.0.0. Expected min version is 17.0.1.
Jun  2 11:05:34 tests-MacBook-Air-2.local vulscand[6792] <Info>: 	The application version is less than the expected min version.
Jun  2 11:05:34 tests-MacBook-Air-2.local vulscand[6792] <Info>: 	The file rule in Uninstallinfo is not matched
Jun  2 11:05:34 tests-MacBook-Air-2.local vulscand[6792] <Info>: 	Looking for Product AdobePhotoshopCC
Jun  2 11:05:34 tests-MacBook-Air-2.local vulscand[6792] <Info>: 	Checking OS Version...
Jun  2 11:05:34 tests-MacBook-Air-2.local vulscand[6792] <Info>: 	minVersion is 10.9.0, found version is 10.9.5, maxversion is 10.11.9
Jun  2 11:05:34 tests-MacBook-Air-2.local vulscand[6792] <Info>: 	The version found on client box is between 10.9.0 and 10.11.9
Jun  2 11:05:34 tests-MacBook-Air-2.local vulscand[6792] <Info>: 	File(OSVERSION) IS vulnerable
Jun  2 11:05:34 tests-MacBook-Air-2.local vulscand[6792] <Info>: 	File(CPUFAMILY) IS vulnerable
Jun  2 11:05:34 tests-MacBook-Air-2.local vulscand[6792] <Info>: 	Found the application: /Applications/Adobe%20Photoshop%20CC%202015.5/Adobe%20Photoshop%20CC%202015.5.app/ - Its version is 17.0.0. Expected min version is 17.0.0. Expected max version is 17.99.99.
Jun  2 11:05:34 tests-MacBook-Air-2.local vulscand[6792] <Info>: 	File(/Applications/Adobe Photoshop CC 2015.5/Adobe Photoshop CC 2015.5.app/) IS vulnerable
Jun  2 11:05:34 tests-MacBook-Air-2.local vulscand[6792] <Info>: 	Product(ID=AdobePhotoshopCC, Adobe Photoshop CC 2015.1.2 Update) IS vulnerable
Jun  2 11:05:34 tests-MacBook-Air-2.local vulscand[6792] <Info>: 	Found the application: /Applications/Adobe%20Photoshop%20CC%202015.5/Adobe%20Photoshop%20CC%202015.5.app/ - Its version is 17.0.0. Expected min version is 17.0.1.
Jun  2 11:05:34 tests-MacBook-Air-2.local vulscand[6792] <Info>: 	The application version is less than the expected min version.
Jun  2 11:05:34 tests-MacBook-Air-2.local vulscand[6792] <Info>: 	Reporting vulnerability Adobe-PhotoShop-CC-2015-1701_test detected.
Jun  2 11:05:34 tests-MacBook-Air-2.local vulscand[6792] <Info>: Path to vulnerabilities for language: /Library/Application Support/LANDesk/data/patches/Vulnerabilities_127.0.0.1:9592-CHS.xml
Jun  2 11:05:34 tests-MacBook-Air-2.local vulscand[6792] <Info>: Scanning CHS vulnerabilities.
Jun  2 11:05:34 tests-MacBook-Air-2.local vulscand[6792] <Info>: ProcessVulnerabilities called with <CFTree 0x7f9e6bec8330 [0x7fff7415df00]>{children = 1, context = CFXMLNode 0x7f9e6bec82e0>{typeID = 2, string = vulnerabilities}}
Jun  2 11:05:34 tests-MacBook-Air-2.local vulscand[6792] <Info>: Path to vulnerabilities for language: /Library/Application Support/LANDesk/data/patches/Vulnerabilities_127.0.0.1:9592-CHT.xml
Jun  2 11:05:34 tests-MacBook-Air-2.local vulscand[6792] <Info>: Scanning CHT vulnerabilities.
Jun  2 11:05:34 tests-MacBook-Air-2.local vulscand[6792] <Info>: ProcessVulnerabilities called with <CFTree 0x7f9e6bec8330 [0x7fff7415df00]>{children = 1, context = CFXMLNode 0x7f9e6bec82e0>{typeID = 2, string = vulnerabilities}}
Jun  2 11:05:34 tests-MacBook-Air-2.local vulscand[6792] <Info>: Path to vulnerabilities for language: /Library/Application Support/LANDesk/data/patches/Vulnerabilities_127.0.0.1:9592-DAN.xml
Jun  2 11:05:34 tests-MacBook-Air-2.local vulscand[6792] <Info>: Scanning DAN vulnerabilities.
Jun  2 11:05:34 tests-MacBook-Air-2.local vulscand[6792] <Info>: ProcessVulnerabilities called with <CFTree 0x7f9e6bddfe30 [0x7fff7415df00]>{children = 0, context = CFXMLNode 0x7f9e6bddfde0>{typeID = 2, string = vulnerabilities}}
Jun  2 11:05:34 tests-MacBook-Air-2.local vulscand[6792] <Info>: Path to vulnerabilities for language: /Library/Application Support/LANDesk/data/patches/Vulnerabilities_127.0.0.1:9592-DEU.xml
Jun  2 11:05:34 tests-MacBook-Air-2.local vulscand[6792] <Info>: Scanning DEU vulnerabilities.
Jun  2 11:05:34 tests-MacBook-Air-2.local vulscand[6792] <Info>: ProcessVulnerabilities called with <CFTree 0x7f9e6bec8330 [0x7fff7415df00]>{children = 1, context = CFXMLNode 0x7f9e6bec82e0>{typeID = 2, string = vulnerabilities}}
Jun  2 11:05:34 tests-MacBook-Air-2.local vulscand[6792] <Info>: Path to vulnerabilities for language: /Library/Application Support/LANDesk/data/patches/Vulnerabilities_127.0.0.1:9592-ENU.xml
Jun  2 11:05:34 tests-MacBook-Air-2.local vulscand[6792] <Info>: Scanning ENU vulnerabilities.
Jun  2 11:05:34 tests-MacBook-Air-2.local vulscand[6792] <Info>: ProcessVulnerabilities called with <CFTree 0x7f9e6bec8330 [0x7fff7415df00]>{children = 873, context = CFXMLNode 0x7f9e6bec82e0>{typeID = 2, string = vulnerabilities}}
Jun  2 11:05:34 tests-MacBook-Air-2.local vulscand[6792] <Info>: Path to vulnerabilities for language: /Library/Application Support/LANDesk/data/patches/Vulnerabilities_127.0.0.1:9592-ESN.xml
Jun  2 11:05:34 tests-MacBook-Air-2.local vulscand[6792] <Info>: Scanning ESN vulnerabilities.
Jun  2 11:05:34 tests-MacBook-Air-2.local vulscand[6792] <Info>: ProcessVulnerabilities called with <CFTree 0x7f9e6bddfeb0 [0x7fff7415df00]>{children = 0, context = CFXMLNode 0x7f9e6bddfe60>{typeID = 2, string = vulnerabilities}}
Jun  2 11:05:34 tests-MacBook-Air-2.local vulscand[6792] <Info>: Path to vulnerabilities for language: /Library/Application Support/LANDesk/data/patches/Vulnerabilities_127.0.0.1:9592-FIN.xml
Jun  2 11:05:34 tests-MacBook-Air-2.local vulscand[6792] <Info>: Scanning FIN vulnerabilities.
Jun  2 11:05:34 tests-MacBook-Air-2.local vulscand[6792] <Info>: ProcessVulnerabilities called with <CFTree 0x7f9e6bddfeb0 [0x7fff7415df00]>{children = 0, context = CFXMLNode 0x7f9e6bddfe60>{typeID = 2, string = vulnerabilities}}
Jun  2 11:05:34 tests-MacBook-Air-2.local vulscand[6792] <Info>: Path to vulnerabilities for language: /Library/Application Support/LANDesk/data/patches/Vulnerabilities_127.0.0.1:9592-FRA.xml
Jun  2 11:05:34 tests-MacBook-Air-2.local vulscand[6792] <Info>: Scanning FRA vulnerabilities.
Jun  2 11:05:34 tests-MacBook-Air-2.local vulscand[6792] <Info>: ProcessVulnerabilities called with <CFTree 0x7f9e6e198600 [0x7fff7415df00]>{children = 1, context = CFXMLNode 0x7f9e6e1985b0>{typeID = 2, string = vulnerabilities}}
Jun  2 11:05:34 tests-MacBook-Air-2.local vulscand[6792] <Info>: Path to vulnerabilities for language: /Library/Application Support/LANDesk/data/patches/Vulnerabilities_127.0.0.1:9592-ITA.xml
Jun  2 11:05:34 tests-MacBook-Air-2.local vulscand[6792] <Info>: Scanning ITA vulnerabilities.
Jun  2 11:05:34 tests-MacBook-Air-2.local vulscand[6792] <Info>: ProcessVulnerabilities called with <CFTree 0x7f9e6e198ea0 [0x7fff7415df00]>{children = 1, context = CFXMLNode 0x7f9e6e198e50>{typeID = 2, string = vulnerabilities}}
Jun  2 11:05:34 tests-MacBook-Air-2.local vulscand[6792] <Info>: Path to vulnerabilities for language: /Library/Application Support/LANDesk/data/patches/Vulnerabilities_127.0.0.1:9592-JPN.xml
Jun  2 11:05:34 tests-MacBook-Air-2.local vulscand[6792] <Info>: Scanning JPN vulnerabilities.
Jun  2 11:05:34 tests-MacBook-Air-2.local vulscand[6792] <Info>: ProcessVulnerabilities called with <CFTree 0x7f9e6bd8d2b0 [0x7fff7415df00]>{children = 1, context = CFXMLNode 0x7f9e6bd879e0>{typeID = 2, string = vulnerabilities}}
Jun  2 11:05:34 tests-MacBook-Air-2.local vulscand[6792] <Info>: Path to vulnerabilities for language: /Library/Application Support/LANDesk/data/patches/Vulnerabilities_127.0.0.1:9592-NLD.xml
Jun  2 11:05:34 tests-MacBook-Air-2.local vulscand[6792] <Info>: Scanning NLD vulnerabilities.
Jun  2 11:05:34 tests-MacBook-Air-2.local vulscand[6792] <Info>: ProcessVulnerabilities called with <CFTree 0x7f9e6e29cf90 [0x7fff7415df00]>{children = 0, context = CFXMLNode 0x7f9e6e29cf40>{typeID = 2, string = vulnerabilities}}
Jun  2 11:05:34 tests-MacBook-Air-2.local vulscand[6792] <Info>: Path to vulnerabilities for language: /Library/Application Support/LANDesk/data/patches/Vulnerabilities_127.0.0.1:9592-NOR.xml
Jun  2 11:05:34 tests-MacBook-Air-2.local vulscand[6792] <Info>: Scanning NOR vulnerabilities.
Jun  2 11:05:34 tests-MacBook-Air-2.local vulscand[6792] <Info>: ProcessVulnerabilities called with <CFTree 0x7f9e6e307e60 [0x7fff7415df00]>{children = 0, context = CFXMLNode 0x7f9e6e307e10>{typeID = 2, string = vulnerabilities}}
Jun  2 11:05:34 tests-MacBook-Air-2.local vulscand[6792] <Info>: Path to vulnerabilities for language: /Library/Application Support/LANDesk/data/patches/Vulnerabilities_127.0.0.1:9592-PLK.xml
Jun  2 11:05:34 tests-MacBook-Air-2.local vulscand[6792] <Info>: Scanning PLK vulnerabilities.
Jun  2 11:05:34 tests-MacBook-Air-2.local vulscand[6792] <Info>: ProcessVulnerabilities called with <CFTree 0x7f9e6e1035d0 [0x7fff7415df00]>{children = 0, context = CFXMLNode 0x7f9e6e103580>{typeID = 2, string = vulnerabilities}}
Jun  2 11:05:34 tests-MacBook-Air-2.local vulscand[6792] <Info>: Path to vulnerabilities for language: /Library/Application Support/LANDesk/data/patches/Vulnerabilities_127.0.0.1:9592-RUS.xml
Jun  2 11:05:34 tests-MacBook-Air-2.local vulscand[6792] <Info>: Scanning RUS vulnerabilities.
Jun  2 11:05:34 tests-MacBook-Air-2.local vulscand[6792] <Info>: ProcessVulnerabilities called with <CFTree 0x7f9e6e3002b0 [0x7fff7415df00]>{children = 1, context = CFXMLNode 0x7f9e6e300260>{typeID = 2, string = vulnerabilities}}
Jun  2 11:05:34 tests-MacBook-Air-2.local vulscand[6792] <Info>: Path to vulnerabilities for language: /Library/Application Support/LANDesk/data/patches/Vulnerabilities_127.0.0.1:9592-SVE.xml
Jun  2 11:05:34 tests-MacBook-Air-2.local vulscand[6792] <Info>: Scanning SVE vulnerabilities.
Jun  2 11:05:34 tests-MacBook-Air-2.local vulscand[6792] <Info>: ProcessVulnerabilities called with <CFTree 0x7f9e6bde0290 [0x7fff7415df00]>{children = 0, context = CFXMLNode 0x7f9e6bde0240>{typeID = 2, string = vulnerabilities}}
Jun  2 11:05:35 tests-MacBook-Air-2.local vulscand[6792] <Info>: Made it to Stonn.Repair. softwareUpdate = 0
Jun  2 11:05:35 tests-MacBook-Air-2.local vulscand[6792] <Info>: Repairing vulnerability INTL_Adobe-PhotoShop-CC-2015-1701_test
Jun  2 11:05:35 tests-MacBook-Air-2.local vulscand[6792] <Info>: GetPatchesForVulnerability(INTL_Adobe-PhotoShop-CC-2015-1701_test)
Jun  2 11:05:35 tests-MacBook-Air-2.local vulscand[6792] <Info>: Downloading the patch http://win-5cuo5sv10d2/LDLogon/patch/AdobePhotoshop17.0.1-mul.dmg 
Jun  2 11:05:35 tests-MacBook-Air-2.local sdclient[7604] <Info>: SDCLIENT: processing: "-noinstall"
Jun  2 11:05:35 tests-MacBook-Air-2.local sdclient[7604] <Info>: SDCLIENT: processing: "-package"
Jun  2 11:05:35 tests-MacBook-Air-2.local sdclient[7604] <Info>: Final result = 0
Jun  2 11:05:35 tests-MacBook-Air-2.local vulscand[6792] <Info>: Finish downloading 2 webPatch(es).
Jun  2 11:05:35 tests-MacBook-Air-2.local vulscand[6792] <Info>: ****************************************************** Reboot resolved *************************
Jun  2 11:05:35 tests-MacBook-Air-2.local vulscand[6792] <Info>: getInstallReadiness:2
Jun  2 11:05:35 tests-MacBook-Air-2.local vulscand[6792] <Info>: DistAndPatchDeferralOption shouldInstall result:0
Jun  2 11:05:35 tests-MacBook-Air-2.local vulscand[6792] <Info>: Processing 1 webPatches.
Jun  2 11:05:35 tests-MacBook-Air-2.local vulscand[6792] <Info>: Made it to ProcessAWebPatch
Jun  2 11:05:35 tests-MacBook-Air-2.local vulscand[6792] <Info>: ProcessAWebPatch wants to install Adobe-PhotoShop-CC-2015-1701_test
Jun  2 11:05:35 tests-MacBook-Air-2.local vulscand[6792] <Info>: Dealing webPatch AdobePhotoshop17.0.1-mul.dmg.
Jun  2 11:05:43 tests-MacBook-Air-2.local vulscand[6792] <Info>: SendPatchInstallStatus(AdobePhotoshop17.0.1-mul.dmg, everything worked)
Jun  2 11:05:43 tests-MacBook-Air-2.local vulscand[6792] <Info>: Finish installing 1 webPatch(es).
Jun  2 11:05:43 tests-MacBook-Air-2.local vulscand[6792] <Info>: Processed 1 patch(es)
Jun  2 11:05:43 tests-MacBook-Air-2.local vulscand[6792] <Info>: Scanning non-software update vulnerabilities...
Jun  2 11:05:43 tests-MacBook-Air-2.local vulscand[6792] <Info>: Scanning vulnerabilities
Jun  2 11:05:43 tests-MacBook-Air-2.local vulscand[6792] <Info>: Path to vulnerabilities for language: /Library/Application Support/LANDesk/data/patches/Vulnerabilities_127.0.0.1:9592-INTL.xml
Jun  2 11:05:43 tests-MacBook-Air-2.local vulscand[6792] <Info>: Scanning INTL vulnerabilities.
Jun  2 11:05:43 tests-MacBook-Air-2.local vulscand[6792] <Info>: ProcessVulnerabilities called with <CFTree 0x7f9e6e3187c0 [0x7fff7415df00]>{children = 1368, context = CFXMLNode 0x7f9e6e318770>{typeID = 2, string = vulnerabilities}}
Jun  2 11:05:43 tests-MacBook-Air-2.local vulscand[6792] <Info>: ===== Processing the Vulnerability (Adobe-PhotoShop-CC-2015-1701_test) =====
Jun  2 11:05:43 tests-MacBook-Air-2.local vulscand[6792] <Info>: 	Verifying the rules of patch...
Jun  2 11:05:43 tests-MacBook-Air-2.local vulscand[6792] <Info>: 	Verifying file rule of Uninstallinfo...
Jun  2 11:05:43 tests-MacBook-Air-2.local vulscand[6792] <Info>: 	Looking for Product AdobePhotoshopCC
Jun  2 11:05:43 tests-MacBook-Air-2.local vulscand[6792] <Info>: 	Checking OS Version...
Jun  2 11:05:43 tests-MacBook-Air-2.local vulscand[6792] <Info>: 	minVersion is 10.9.0, found version is 10.9.5, maxversion is 10.11.9
Jun  2 11:05:43 tests-MacBook-Air-2.local vulscand[6792] <Info>: 	The version found on client box is between 10.9.0 and 10.11.9
Jun  2 11:05:43 tests-MacBook-Air-2.local vulscand[6792] <Info>: 	File(OSVERSION) IS vulnerable
Jun  2 11:05:43 tests-MacBook-Air-2.local vulscand[6792] <Info>: 	File(CPUFAMILY) IS vulnerable
Jun  2 11:05:43 tests-MacBook-Air-2.local vulscand[6792] <Info>: 	File(/Applications/Adobe Photoshop CC 2015.5/Adobe Photoshop CC 2015.5.app/) IS vulnerable
Jun  2 11:05:43 tests-MacBook-Air-2.local vulscand[6792] <Info>: 	Product(ID=AdobePhotoshopCC, Adobe Photoshop CC 2015.1.2 Update) IS vulnerable
Jun  2 11:05:43 tests-MacBook-Air-2.local vulscand[6792] <Info>: 	Found the application: /Applications/Adobe%20Photoshop%20CC%202015.5/Adobe%20Photoshop%20CC%202015.5.app/ - Its version is 17.0.0. Expected min version is 17.0.1.
Jun  2 11:05:43 tests-MacBook-Air-2.local vulscand[6792] <Info>: 	The application version is less than the expected min version.
Jun  2 11:05:43 tests-MacBook-Air-2.local vulscand[6792] <Info>: 	The file rule in Uninstallinfo is not matched
Jun  2 11:05:43 tests-MacBook-Air-2.local vulscand[6792] <Info>: 	Looking for Product AdobePhotoshopCC
Jun  2 11:05:43 tests-MacBook-Air-2.local vulscand[6792] <Info>: 	Checking OS Version...
Jun  2 11:05:43 tests-MacBook-Air-2.local vulscand[6792] <Info>: 	minVersion is 10.9.0, found version is 10.9.5, maxversion is 10.11.9
Jun  2 11:05:43 tests-MacBook-Air-2.local vulscand[6792] <Info>: 	The version found on client box is between 10.9.0 and 10.11.9
Jun  2 11:05:43 tests-MacBook-Air-2.local vulscand[6792] <Info>: 	File(OSVERSION) IS vulnerable
Jun  2 11:05:43 tests-MacBook-Air-2.local vulscand[6792] <Info>: 	File(CPUFAMILY) IS vulnerable
Jun  2 11:05:43 tests-MacBook-Air-2.local vulscand[6792] <Info>: 	Found the application: /Applications/Adobe%20Photoshop%20CC%202015.5/Adobe%20Photoshop%20CC%202015.5.app/ - Its version is 17.0.0. Expected min version is 17.0.0. Expected max version is 17.99.99.
Jun  2 11:05:43 tests-MacBook-Air-2.local vulscand[6792] <Info>: 	File(/Applications/Adobe Photoshop CC 2015.5/Adobe Photoshop CC 2015.5.app/) IS vulnerable
Jun  2 11:05:43 tests-MacBook-Air-2.local vulscand[6792] <Info>: 	Product(ID=AdobePhotoshopCC, Adobe Photoshop CC 2015.1.2 Update) IS vulnerable
Jun  2 11:05:43 tests-MacBook-Air-2.local vulscand[6792] <Info>: 	Found the application: /Applications/Adobe%20Photoshop%20CC%202015.5/Adobe%20Photoshop%20CC%202015.5.app/ - Its version is 17.0.0. Expected min version is 17.0.1.
Jun  2 11:05:43 tests-MacBook-Air-2.local vulscand[6792] <Info>: 	The application version is less than the expected min version.
Jun  2 11:05:43 tests-MacBook-Air-2.local vulscand[6792] <Info>: 	Reporting vulnerability Adobe-PhotoShop-CC-2015-1701_test detected.
Jun  2 11:05:43 tests-MacBook-Air-2.local vulscand[6792] <Info>: Path to vulnerabilities for language: /Library/Application Support/LANDesk/data/patches/Vulnerabilities_127.0.0.1:9592-CHS.xml
Jun  2 11:05:43 tests-MacBook-Air-2.local vulscand[6792] <Info>: Scanning CHS vulnerabilities.
Jun  2 11:05:43 tests-MacBook-Air-2.local vulscand[6792] <Info>: ProcessVulnerabilities called with <CFTree 0x7f9e6e002520 [0x7fff7415df00]>{children = 1, context = CFXMLNode 0x7f9e6e0024d0>{typeID = 2, string = vulnerabilities}}
Jun  2 11:05:43 tests-MacBook-Air-2.local vulscand[6792] <Info>: Path to vulnerabilities for language: /Library/Application Support/LANDesk/data/patches/Vulnerabilities_127.0.0.1:9592-CHT.xml
Jun  2 11:05:43 tests-MacBook-Air-2.local vulscand[6792] <Info>: Scanning CHT vulnerabilities.
Jun  2 11:05:43 tests-MacBook-Air-2.local vulscand[6792] <Info>: ProcessVulnerabilities called with <CFTree 0x7f9e6be724d0 [0x7fff7415df00]>{children = 1, context = CFXMLNode 0x7f9e6be72480>{typeID = 2, string = vulnerabilities}}
Jun  2 11:05:43 tests-MacBook-Air-2.local vulscand[6792] <Info>: Path to vulnerabilities for language: /Library/Application Support/LANDesk/data/patches/Vulnerabilities_127.0.0.1:9592-DAN.xml
Jun  2 11:05:43 tests-MacBook-Air-2.local vulscand[6792] <Info>: Scanning DAN vulnerabilities.
Jun  2 11:05:43 tests-MacBook-Air-2.local vulscand[6792] <Info>: ProcessVulnerabilities called with <CFTree 0x7f9e6e31c330 [0x7fff7415df00]>{children = 0, context = CFXMLNode 0x7f9e6e31c2e0>{typeID = 2, string = vulnerabilities}}
Jun  2 11:05:43 tests-MacBook-Air-2.local vulscand[6792] <Info>: Path to vulnerabilities for language: /Library/Application Support/LANDesk/data/patches/Vulnerabilities_127.0.0.1:9592-DEU.xml
Jun  2 11:05:43 tests-MacBook-Air-2.local vulscand[6792] <Info>: Scanning DEU vulnerabilities.
Jun  2 11:05:43 tests-MacBook-Air-2.local vulscand[6792] <Info>: ProcessVulnerabilities called with <CFTree 0x7f9e6e351af0 [0x7fff7415df00]>{children = 1, context = CFXMLNode 0x7f9e6e351aa0>{typeID = 2, string = vulnerabilities}}
Jun  2 11:05:43 tests-MacBook-Air-2.local vulscand[6792] <Info>: Path to vulnerabilities for language: /Library/Application Support/LANDesk/data/patches/Vulnerabilities_127.0.0.1:9592-ENU.xml
Jun  2 11:05:43 tests-MacBook-Air-2.local vulscand[6792] <Info>: Scanning ENU vulnerabilities.
Jun  2 11:05:43 tests-MacBook-Air-2.local vulscand[6792] <Info>: ProcessVulnerabilities called with <CFTree 0x7f9e6e002590 [0x7fff7415df00]>{children = 873, context = CFXMLNode 0x7f9e6e002540>{typeID = 2, string = vulnerabilities}}
Jun  2 11:05:43 tests-MacBook-Air-2.local vulscand[6792] <Info>: Path to vulnerabilities for language: /Library/Application Support/LANDesk/data/patches/Vulnerabilities_127.0.0.1:9592-ESN.xml
Jun  2 11:05:43 tests-MacBook-Air-2.local vulscand[6792] <Info>: Scanning ESN vulnerabilities.
Jun  2 11:05:43 tests-MacBook-Air-2.local vulscand[6792] <Info>: ProcessVulnerabilities called with <CFTree 0x7f9e6e00c570 [0x7fff7415df00]>{children = 0, context = CFXMLNode 0x7f9e6e00c520>{typeID = 2, string = vulnerabilities}}
Jun  2 11:05:43 tests-MacBook-Air-2.local vulscand[6792] <Info>: Path to vulnerabilities for language: /Library/Application Support/LANDesk/data/patches/Vulnerabilities_127.0.0.1:9592-FIN.xml
Jun  2 11:05:43 tests-MacBook-Air-2.local vulscand[6792] <Info>: Scanning FIN vulnerabilities.
Jun  2 11:05:43 tests-MacBook-Air-2.local vulscand[6792] <Info>: ProcessVulnerabilities called with <CFTree 0x7f9e6e00c5b0 [0x7fff7415df00]>{children = 0, context = CFXMLNode 0x7f9e6e00c560>{typeID = 2, string = vulnerabilities}}
Jun  2 11:05:43 tests-MacBook-Air-2.local vulscand[6792] <Info>: Path to vulnerabilities for language: /Library/Application Support/LANDesk/data/patches/Vulnerabilities_127.0.0.1:9592-FRA.xml
Jun  2 11:05:43 tests-MacBook-Air-2.local vulscand[6792] <Info>: Scanning FRA vulnerabilities.
Jun  2 11:05:43 tests-MacBook-Air-2.local vulscand[6792] <Info>: ProcessVulnerabilities called with <CFTree 0x7f9e6e004ef0 [0x7fff7415df00]>{children = 1, context = CFXMLNode 0x7f9e6e004ea0>{typeID = 2, string = vulnerabilities}}
Jun  2 11:05:43 tests-MacBook-Air-2.local vulscand[6792] <Info>: Path to vulnerabilities for language: /Library/Application Support/LANDesk/data/patches/Vulnerabilities_127.0.0.1:9592-ITA.xml
Jun  2 11:05:43 tests-MacBook-Air-2.local vulscand[6792] <Info>: Scanning ITA vulnerabilities.
Jun  2 11:05:43 tests-MacBook-Air-2.local vulscand[6792] <Info>: ProcessVulnerabilities called with <CFTree 0x7f9e6e4152c0 [0x7fff7415df00]>{children = 1, context = CFXMLNode 0x7f9e6e415270>{typeID = 2, string = vulnerabilities}}
Jun  2 11:05:43 tests-MacBook-Air-2.local vulscand[6792] <Info>: Path to vulnerabilities for language: /Library/Application Support/LANDesk/data/patches/Vulnerabilities_127.0.0.1:9592-JPN.xml
Jun  2 11:05:43 tests-MacBook-Air-2.local vulscand[6792] <Info>: Scanning JPN vulnerabilities.
Jun  2 11:05:43 tests-MacBook-Air-2.local vulscand[6792] <Info>: ProcessVulnerabilities called with <CFTree 0x7f9e6e500920 [0x7fff7415df00]>{children = 1, context = CFXMLNode 0x7f9e6e5008d0>{typeID = 2, string = vulnerabilities}}
Jun  2 11:05:43 tests-MacBook-Air-2.local vulscand[6792] <Info>: Path to vulnerabilities for language: /Library/Application Support/LANDesk/data/patches/Vulnerabilities_127.0.0.1:9592-NLD.xml
Jun  2 11:05:43 tests-MacBook-Air-2.local vulscand[6792] <Info>: Scanning NLD vulnerabilities.
Jun  2 11:05:43 tests-MacBook-Air-2.local vulscand[6792] <Info>: ProcessVulnerabilities called with <CFTree 0x7f9e6e508880 [0x7fff7415df00]>{children = 0, context = CFXMLNode 0x7f9e6e508830>{typeID = 2, string = vulnerabilities}}
Jun  2 11:05:43 tests-MacBook-Air-2.local vulscand[6792] <Info>: Path to vulnerabilities for language: /Library/Application Support/LANDesk/data/patches/Vulnerabilities_127.0.0.1:9592-NOR.xml
Jun  2 11:05:43 tests-MacBook-Air-2.local vulscand[6792] <Info>: Scanning NOR vulnerabilities.
Jun  2 11:05:43 tests-MacBook-Air-2.local vulscand[6792] <Info>: ProcessVulnerabilities called with <CFTree 0x7f9e6e00c690 [0x7fff7415df00]>{children = 0, context = CFXMLNode 0x7f9e6e00c640>{typeID = 2, string = vulnerabilities}}
Jun  2 11:05:43 tests-MacBook-Air-2.local vulscand[6792] <Info>: Path to vulnerabilities for language: /Library/Application Support/LANDesk/data/patches/Vulnerabilities_127.0.0.1:9592-PLK.xml
Jun  2 11:05:43 tests-MacBook-Air-2.local vulscand[6792] <Info>: Scanning PLK vulnerabilities.
Jun  2 11:05:43 tests-MacBook-Air-2.local vulscand[6792] <Info>: ProcessVulnerabilities called with <CFTree 0x7f9e6e31c330 [0x7fff7415df00]>{children = 0, context = CFXMLNode 0x7f9e6e31c2e0>{typeID = 2, string = vulnerabilities}}
Jun  2 11:05:43 tests-MacBook-Air-2.local vulscand[6792] <Info>: Path to vulnerabilities for language: /Library/Application Support/LANDesk/data/patches/Vulnerabilities_127.0.0.1:9592-RUS.xml
Jun  2 11:05:43 tests-MacBook-Air-2.local vulscand[6792] <Info>: Scanning RUS vulnerabilities.
Jun  2 11:05:43 tests-MacBook-Air-2.local vulscand[6792] <Info>: ProcessVulnerabilities called with <CFTree 0x7f9e6be72d90 [0x7fff7415df00]>{children = 1, context = CFXMLNode 0x7f9e6be72d40>{typeID = 2, string = vulnerabilities}}
Jun  2 11:05:43 tests-MacBook-Air-2.local vulscand[6792] <Info>: Path to vulnerabilities for language: /Library/Application Support/LANDesk/data/patches/Vulnerabilities_127.0.0.1:9592-SVE.xml
Jun  2 11:05:43 tests-MacBook-Air-2.local vulscand[6792] <Info>: Scanning SVE vulnerabilities.
Jun  2 11:05:43 tests-MacBook-Air-2.local vulscand[6792] <Info>: ProcessVulnerabilities called with <CFTree 0x7f9e6e31c350 [0x7fff7415df00]>{children = 0, context = CFXMLNode 0x7f9e6e31c300>{typeID = 2, string = vulnerabilities}}
Jun  2 11:05:43 tests-MacBook-Air-2.local vulscand[6792] <Info>: Releasing the lock on vulscand.
Jun  2 11:05:43 tests-MacBook-Air-2.local vulscand[6792] <Info>: Sending status alert to core: taskid = 876, exitval = 229835166, msg = NULL, completed = TRUE
Jun  2 11:05:45 tests-MacBook-Air-2.local vulscand[6792] <Info>: write policy status file taskid=876
Jun  2 11:05:45 tests-MacBook-Air-2.local vulscand[6792] <Info>: Patch exited. Exit value: 229835166
