map-vulscan: (11097) 2017-05-11 16:02:36 [Core] = [WIN-5CUO5SV10D2.ld.landesk.com]
map-vulscan: (11097) 2017-05-11 16:02:36 [Default Agent Behavior] = [WIN-5CUO5SV10D2_v492]
map-vulscan: (11097) 2017-05-11 16:02:36 [Device ID] = [{858ad9ca-993e-4aaf-999f-087f5f431596}]
map-vulscan: (11097) 2017-05-11 16:02:36 [Group] = [landesk]
map-vulscan: (11097) 2017-05-11 16:02:36 [Last Hardware Scan Date] = [1494448945]
map-vulscan: (11097) 2017-05-11 16:02:36 [Last Software Scan Date] = [1494448971]
map-vulscan: (11097) 2017-05-11 16:02:36 [Last Vulnerability Scan Date] = [1494532683]
map-vulscan: (11097) 2017-05-11 16:02:36 [ManagedBy] = [LDMS]
map-vulscan: (11097) 2017-05-11 16:02:36 [MaxScanFileSize] = [10000000]
map-vulscan: (11097) 2017-05-11 16:02:36 [User] = [landesk]
map-vulscan: (11097) 2017-05-11 16:02:36 [Version] = [LDMS9-0-internal]
map-vulscan: (11097) 2017-05-11 16:02:36 [appDefFile] = [/opt/landesk/etc/ldappl.conf]
map-vulscan: (11097) 2017-05-11 16:02:36 [appname] = [map-vulscan]
map-vulscan: (11097) 2017-05-11 16:02:36 [behaviorsdir] = [/opt/landesk/var/data]
map-vulscan: (11097) 2017-05-11 16:02:36 [cachedir] = [/tmp]
map-vulscan: (11097) 2017-05-11 16:02:36 [catalog] = [map_scanner_catalog.xml]
map-vulscan: (11097) 2017-05-11 16:02:36 [config] = [/opt/landesk/etc/landesk.conf]
map-vulscan: (11097) 2017-05-11 16:02:36 [installdir] = [/opt/landesk]
map-vulscan: (11097) 2017-05-11 16:02:36 [jobsRepository] = [/opt/landesk/jobs/]
map-vulscan: (11097) 2017-05-11 16:02:36 [language] = [INTL]
map-vulscan: (11097) 2017-05-11 16:02:36 [logfile] = [/opt/landesk/logs/vulscan.log]
map-vulscan: (11097) 2017-05-11 16:02:36 [loglevel] = [20]
map-vulscan: (11097) 2017-05-11 16:02:36 [platformid] = [rhel7_x86_64]
map-vulscan: (11097) 2017-05-11 16:02:36 [policyRepository] = [/opt/landesk/policies/patch]
map-vulscan: (11097) 2017-05-11 16:02:36 [policystatusfile] = [/opt/landesk/policies/policystatus.xml]
map-vulscan: (11097) 2017-05-11 16:02:36 [requesturl] = [/WSVulnerabilityCore/VulCore.asmx]
map-vulscan: (11097) 2017-05-11 16:02:36 [scanDatabase] = [/opt/landesk/ldclient.db]
map-vulscan: (11097) 2017-05-11 16:02:36 [scanErrorscan] = [/opt/landesk/scan_repository/errorscan]
map-vulscan: (11097) 2017-05-11 16:02:36 [scanRepository] = [/opt/landesk/scan_repository]
map-vulscan: (11097) 2017-05-11 16:02:36 [schemas] = [/opt/landesk/schemas]
map-vulscan: (11097) 2017-05-11 16:02:36 [settings XML] = [/opt/landesk/etc/ldconfig.xml]
map-vulscan: (11097) 2017-05-11 16:02:36 [taskid] = [465DF5FB-0C7D-11A6-B112-2B67AE247BED:02]
map-vulscan: (11097) 2017-05-11 16:02:36 [verbosity] = [5]
map-vulscan: (11097) 2017-05-11 16:02:36 [vuldefFile] = [/opt/landesk/var/vuldefs/vuldefs.xml]
map-vulscan: (11097) 2017-05-11 16:02:36 [vulscanmode] = [scan]
map-vulscan: (11097) 2017-05-11 16:02:36 [vultype] = [0]
map-vulscan: (11097) 2017-05-11 16:02:36 processing definitions content file /opt/landesk/var/vuldefs/vuldefs.xml
map-vulscan: (11097) 2017-05-11 16:02:36 Processing VULNERABILITY 'RHEL7-Filesystem-01-01-25'...
map-vulscan: (11097) 2017-05-11 16:02:36   Processing PATCH 'Ensure separate partition exists for /var/tmp  (Detect Only)'
map-vulscan: (11097) 2017-05-11 16:02:36     No products specified for this patch.  Assume it applies globally.
map-vulscan: (11097) 2017-05-11 16:02:36     Processing patchfile objects completed.
map-vulscan: (11097) 2017-05-11 16:02:36     Attempting to run detection script
map-vulscan: (11097) 2017-05-11 16:02:36   wrote 276 bytes to tempfile /tmp/vsScript-U0TwsL
map-vulscan: (11098) 2017-05-11 16:02:36 running script /tmp/vsScript-U0TwsL
map-vulscan: (11097) 2017-05-11 16:02:36 Processing VULNERABILITY 'RHEL7-Filesystem-01-01-26'...
map-vulscan: (11097) 2017-05-11 16:02:36   Processing PATCH 'Ensure nodev option set on /var/tmp partition'
map-vulscan: (11097) 2017-05-11 16:02:36     No products specified for this patch.  Assume it applies globally.
map-vulscan: (11097) 2017-05-11 16:02:36     Processing patchfile objects completed.
map-vulscan: (11097) 2017-05-11 16:02:36     Attempting to run detection script
map-vulscan: (11097) 2017-05-11 16:02:36   wrote 633 bytes to tempfile /tmp/vsScript-oFtR9h
map-vulscan: (11102) 2017-05-11 16:02:36 running script /tmp/vsScript-oFtR9h
map-vulscan: (11097) 2017-05-11 16:02:36 Processing VULNERABILITY 'RHEL7-Filesystem-01-01-27'...
map-vulscan: (11097) 2017-05-11 16:02:36   Processing PATCH 'Ensure nosuid option set on /var/tmp partition'
map-vulscan: (11097) 2017-05-11 16:02:36     No products specified for this patch.  Assume it applies globally.
map-vulscan: (11097) 2017-05-11 16:02:36     Processing patchfile objects completed.
map-vulscan: (11097) 2017-05-11 16:02:36     Attempting to run detection script
map-vulscan: (11097) 2017-05-11 16:02:36   wrote 637 bytes to tempfile /tmp/vsScript-B9lsTO
map-vulscan: (11117) 2017-05-11 16:02:36 running script /tmp/vsScript-B9lsTO
map-vulscan: (11097) 2017-05-11 16:02:36 Processing VULNERABILITY 'RHEL7-Filesystem-01-01-28'...
map-vulscan: (11097) 2017-05-11 16:02:36   Processing PATCH 'Ensure noexec option set on /var/tmp partition'
map-vulscan: (11097) 2017-05-11 16:02:36     No products specified for this patch.  Assume it applies globally.
map-vulscan: (11097) 2017-05-11 16:02:36     Processing patchfile objects completed.
map-vulscan: (11097) 2017-05-11 16:02:36     Attempting to run detection script
map-vulscan: (11097) 2017-05-11 16:02:36   wrote 637 bytes to tempfile /tmp/vsScript-ozqiFl
map-vulscan: (11132) 2017-05-11 16:02:36 running script /tmp/vsScript-ozqiFl
map-vulscan: (11097) 2017-05-11 16:02:36 Processing VULNERABILITY 'RHEL7-Filesystem-01-04-07'...
map-vulscan: (11097) 2017-05-11 16:02:36   Processing PATCH 'Ensure SELinux is installed  (Detect Only)'
map-vulscan: (11097) 2017-05-11 16:02:36     No products specified for this patch.  Assume it applies globally.
map-vulscan: (11097) 2017-05-11 16:02:36     Processing patchfile objects completed.
map-vulscan: (11097) 2017-05-11 16:02:36     Attempting to run detection script
map-vulscan: (11097) 2017-05-11 16:02:36   wrote 215 bytes to tempfile /tmp/vsScript-KZkotS
map-vulscan: (11147) 2017-05-11 16:02:36 running script /tmp/vsScript-KZkotS
map-vulscan: (11097) 2017-05-11 16:02:36 Processing VULNERABILITY 'RHEL7-LogAudit-05-01-01'...
map-vulscan: (11097) 2017-05-11 16:02:36   Processing PATCH 'Install the rsyslog or syslog-ng package  (Detect Only)'
map-vulscan: (11097) 2017-05-11 16:02:36     No products specified for this patch.  Assume it applies globally.
map-vulscan: (11097) 2017-05-11 16:02:36     Processing patchfile objects completed.
map-vulscan: (11097) 2017-05-11 16:02:36     Attempting to run detection script
map-vulscan: (11097) 2017-05-11 16:02:36   wrote 321 bytes to tempfile /tmp/vsScript-iuJnjp
map-vulscan: (11149) 2017-05-11 16:02:36 running script /tmp/vsScript-iuJnjp
map-vulscan: (11097) 2017-05-11 16:02:36 Sending POST headers to core using 'http://WIN-5CUO5SV10D2.ld.landesk.com//WSVulnerabilityCore/VulCore.asmx'
map-vulscan: (11097) 2017-05-11 16:02:36 POST headers result=3
map-vulscan: (11097) 2017-05-11 16:02:36 Unable to access core using 'http://WIN-5CUO5SV10D2.ld.landesk.com//WSVulnerabilityCore/VulCore.asmx'
map-vulscan: (11097) 2017-05-11 16:02:36 HTTP POST failed, retrying...
map-vulscan: (11097) 2017-05-11 16:02:42 Sending POST headers to core using 'http://WIN-5CUO5SV10D2.ld.landesk.com//WSVulnerabilityCore/VulCore.asmx'
map-vulscan: (11097) 2017-05-11 16:02:42 POST headers result=0
map-vulscan: (11097) 2017-05-11 16:02:42 SOAP request result=0
map-vulscan: (11097) 2017-05-11 16:02:50 HTTP response code: 200
map-vulscan: (11097) 2017-05-11 16:02:50 HTTP Content-Length: 356
map-vulscan: (11097) 2017-05-11 16:02:50 Complete, server sent  356 bytes of data.
map-vulscan: (11097) 2017-05-11 16:02:50 HTTP response data length: 356
map-vulscan: (11097) 2017-05-11 16:02:50 HTTP response bytes read: 356
map-vulscan: (11097) 2017-05-11 16:02:50 HTTP response: <PutResultsResult>true</PutResultsResult>
map-vulscan: (11097) 2017-05-11 16:02:50 scan results successfully posted to core
map-vulscan: (11097) 2017-05-11 16:02:50 Sending POST headers to core using 'http://WIN-5CUO5SV10D2.ld.landesk.com//WSVulnerabilityCore/VulCore.asmx'
map-vulscan: (11097) 2017-05-11 16:02:50 POST headers result=0
map-vulscan: (11097) 2017-05-11 16:02:50 SOAP request result=0
map-vulscan: (11097) 2017-05-11 16:02:50 HTTP response code: 200
map-vulscan: (11097) 2017-05-11 16:02:50 HTTP Content-Length: 375
map-vulscan: (11097) 2017-05-11 16:02:50 Complete, server sent  375 bytes of data.
map-vulscan: (11097) 2017-05-11 16:02:50 HTTP response data length: 375
map-vulscan: (11097) 2017-05-11 16:02:50 HTTP response bytes read: 375
map-vulscan: (11097) 2017-05-11 16:02:50 HTTP response: <ResolveDeviceIDResult>149</ResolveDeviceIDResult>
map-vulscan: (11097) 2017-05-11 16:02:50 Sending POST headers to core using 'http://WIN-5CUO5SV10D2.ld.landesk.com//WSVulnerabilityCore/VulCore.asmx'
map-vulscan: (11097) 2017-05-11 16:02:50 POST headers result=0
map-vulscan: (11097) 2017-05-11 16:02:50 SOAP request result=0
map-vulscan: (11097) 2017-05-11 16:02:50 HTTP response code: 200
map-vulscan: (11097) 2017-05-11 16:02:50 HTTP Content-Length: 299
map-vulscan: (11097) 2017-05-11 16:02:50 Complete, server sent  299 bytes of data.
map-vulscan: (11097) 2017-05-11 16:02:50 HTTP response data length: 299
map-vulscan: (11097) 2017-05-11 16:02:50 HTTP response bytes read: 299
map-vulscan: (11097) 2017-05-11 16:02:50 processRepair() returning (229835166)
map-vulscan: (11097) 2017-05-11 16:02:50 main running RunUpdateScan
map-vulscan: (11097) 2017-05-11 16:02:50 vulscan running final scan
map-vulscan: (11097) 2017-05-11 16:02:50 processing definitions content file /opt/landesk/var/vuldefs/vuldefs.xml
map-vulscan: (11097) 2017-05-11 16:02:50 Processing VULNERABILITY 'RHEL7-Filesystem-01-01-25'...
map-vulscan: (11097) 2017-05-11 16:02:50   Processing PATCH 'Ensure separate partition exists for /var/tmp  (Detect Only)'
map-vulscan: (11097) 2017-05-11 16:02:50     No products specified for this patch.  Assume it applies globally.
map-vulscan: (11097) 2017-05-11 16:02:50     Processing patchfile objects completed.
map-vulscan: (11097) 2017-05-11 16:02:50     Attempting to run detection script
map-vulscan: (11097) 2017-05-11 16:02:50   wrote 276 bytes to tempfile /tmp/vsScript-vB3q4J
map-vulscan: (11153) 2017-05-11 16:02:51 running script /tmp/vsScript-vB3q4J
map-vulscan: (11097) 2017-05-11 16:02:51 Processing VULNERABILITY 'RHEL7-Filesystem-01-01-26'...
map-vulscan: (11097) 2017-05-11 16:02:51   Processing PATCH 'Ensure nodev option set on /var/tmp partition'
map-vulscan: (11097) 2017-05-11 16:02:51     No products specified for this patch.  Assume it applies globally.
map-vulscan: (11097) 2017-05-11 16:02:51     Processing patchfile objects completed.
map-vulscan: (11097) 2017-05-11 16:02:51     Attempting to run detection script
map-vulscan: (11097) 2017-05-11 16:02:51   wrote 633 bytes to tempfile /tmp/vsScript-P3zSS4
map-vulscan: (11157) 2017-05-11 16:02:51 running script /tmp/vsScript-P3zSS4
map-vulscan: (11097) 2017-05-11 16:02:51 Processing VULNERABILITY 'RHEL7-Filesystem-01-01-27'...
map-vulscan: (11097) 2017-05-11 16:02:51   Processing PATCH 'Ensure nosuid option set on /var/tmp partition'
map-vulscan: (11097) 2017-05-11 16:02:51     No products specified for this patch.  Assume it applies globally.
map-vulscan: (11097) 2017-05-11 16:02:51     Processing patchfile objects completed.
map-vulscan: (11097) 2017-05-11 16:02:51     Attempting to run detection script
map-vulscan: (11097) 2017-05-11 16:02:51   wrote 637 bytes to tempfile /tmp/vsScript-EDR0Lp
map-vulscan: (11172) 2017-05-11 16:02:51 running script /tmp/vsScript-EDR0Lp
map-vulscan: (11097) 2017-05-11 16:02:51 Processing VULNERABILITY 'RHEL7-Filesystem-01-01-28'...
map-vulscan: (11097) 2017-05-11 16:02:51   Processing PATCH 'Ensure noexec option set on /var/tmp partition'
map-vulscan: (11097) 2017-05-11 16:02:51     No products specified for this patch.  Assume it applies globally.
map-vulscan: (11097) 2017-05-11 16:02:51     Processing patchfile objects completed.
map-vulscan: (11097) 2017-05-11 16:02:51     Attempting to run detection script
map-vulscan: (11097) 2017-05-11 16:02:51   wrote 637 bytes to tempfile /tmp/vsScript-PpHlKK
map-vulscan: (11187) 2017-05-11 16:02:51 running script /tmp/vsScript-PpHlKK
map-vulscan: (11097) 2017-05-11 16:02:51 Processing VULNERABILITY 'RHEL7-Filesystem-01-04-07'...
map-vulscan: (11097) 2017-05-11 16:02:51   Processing PATCH 'Ensure SELinux is installed  (Detect Only)'
map-vulscan: (11097) 2017-05-11 16:02:51     No products specified for this patch.  Assume it applies globally.
map-vulscan: (11097) 2017-05-11 16:02:51     Processing patchfile objects completed.
map-vulscan: (11097) 2017-05-11 16:02:51     Attempting to run detection script
map-vulscan: (11097) 2017-05-11 16:02:51   wrote 215 bytes to tempfile /tmp/vsScript-dxIpN5
map-vulscan: (11202) 2017-05-11 16:02:51 running script /tmp/vsScript-dxIpN5
map-vulscan: (11097) 2017-05-11 16:02:51 Processing VULNERABILITY 'RHEL7-LogAudit-05-01-01'...
map-vulscan: (11097) 2017-05-11 16:02:51   Processing PATCH 'Install the rsyslog or syslog-ng package  (Detect Only)'
map-vulscan: (11097) 2017-05-11 16:02:51     No products specified for this patch.  Assume it applies globally.
map-vulscan: (11097) 2017-05-11 16:02:51     Processing patchfile objects completed.
map-vulscan: (11097) 2017-05-11 16:02:51     Attempting to run detection script
map-vulscan: (11097) 2017-05-11 16:02:51   wrote 321 bytes to tempfile /tmp/vsScript-KgztVq
map-vulscan: (11204) 2017-05-11 16:02:51 running script /tmp/vsScript-KgztVq
map-vulscan: (11097) 2017-05-11 16:02:51 processing definitions content file /opt/landesk/var/vuldefs/vuldefs.xml
map-vulscan: (11097) 2017-05-11 16:02:51 Processing VULNERABILITY 'RHEL7-Filesystem-01-01-25'...
map-vulscan: (11097) 2017-05-11 16:02:51   Processing PATCH 'Ensure separate partition exists for /var/tmp  (Detect Only)'
map-vulscan: (11097) 2017-05-11 16:02:51     No products specified for this patch.  Assume it applies globally.
map-vulscan: (11097) 2017-05-11 16:02:51     Processing patchfile objects completed.
map-vulscan: (11097) 2017-05-11 16:02:51     Attempting to run detection script
map-vulscan: (11097) 2017-05-11 16:02:51   wrote 276 bytes to tempfile /tmp/vsScript-UQXRcM
map-vulscan: (11207) 2017-05-11 16:02:51 running script /tmp/vsScript-UQXRcM
map-vulscan: (11097) 2017-05-11 16:02:51 Processing VULNERABILITY 'RHEL7-Filesystem-01-01-26'...
map-vulscan: (11097) 2017-05-11 16:02:51   Processing PATCH 'Ensure nodev option set on /var/tmp partition'
map-vulscan: (11097) 2017-05-11 16:02:51     No products specified for this patch.  Assume it applies globally.
map-vulscan: (11097) 2017-05-11 16:02:51     Processing patchfile objects completed.
map-vulscan: (11097) 2017-05-11 16:02:51     Attempting to run detection script
map-vulscan: (11097) 2017-05-11 16:02:51   wrote 633 bytes to tempfile /tmp/vsScript-RWvwx7
map-vulscan: (11211) 2017-05-11 16:02:51 running script /tmp/vsScript-RWvwx7
map-vulscan: (11097) 2017-05-11 16:02:51 Processing VULNERABILITY 'RHEL7-Filesystem-01-01-27'...
map-vulscan: (11097) 2017-05-11 16:02:51   Processing PATCH 'Ensure nosuid option set on /var/tmp partition'
map-vulscan: (11097) 2017-05-11 16:02:51     No products specified for this patch.  Assume it applies globally.
map-vulscan: (11097) 2017-05-11 16:02:51     Processing patchfile objects completed.
map-vulscan: (11097) 2017-05-11 16:02:51     Attempting to run detection script
map-vulscan: (11097) 2017-05-11 16:02:51   wrote 637 bytes to tempfile /tmp/vsScript-jdfbXs
map-vulscan: (11226) 2017-05-11 16:02:51 running script /tmp/vsScript-jdfbXs
map-vulscan: (11097) 2017-05-11 16:02:51 Processing VULNERABILITY 'RHEL7-Filesystem-01-01-28'...
map-vulscan: (11097) 2017-05-11 16:02:51   Processing PATCH 'Ensure noexec option set on /var/tmp partition'
map-vulscan: (11097) 2017-05-11 16:02:51     No products specified for this patch.  Assume it applies globally.
map-vulscan: (11097) 2017-05-11 16:02:51     Processing patchfile objects completed.
map-vulscan: (11097) 2017-05-11 16:02:51     Attempting to run detection script
map-vulscan: (11097) 2017-05-11 16:02:51   wrote 637 bytes to tempfile /tmp/vsScript-OZtVrO
map-vulscan: (11241) 2017-05-11 16:02:51 running script /tmp/vsScript-OZtVrO
map-vulscan: (11097) 2017-05-11 16:02:51 Processing VULNERABILITY 'RHEL7-Filesystem-01-04-07'...
map-vulscan: (11097) 2017-05-11 16:02:51   Processing PATCH 'Ensure SELinux is installed  (Detect Only)'
map-vulscan: (11097) 2017-05-11 16:02:51     No products specified for this patch.  Assume it applies globally.
map-vulscan: (11097) 2017-05-11 16:02:51     Processing patchfile objects completed.
map-vulscan: (11097) 2017-05-11 16:02:51     Attempting to run detection script
map-vulscan: (11097) 2017-05-11 16:02:51   wrote 215 bytes to tempfile /tmp/vsScript-nWjT19
map-vulscan: (11256) 2017-05-11 16:02:51 running script /tmp/vsScript-nWjT19
map-vulscan: (11097) 2017-05-11 16:02:51 Processing VULNERABILITY 'RHEL7-LogAudit-05-01-01'...
map-vulscan: (11097) 2017-05-11 16:02:51   Processing PATCH 'Install the rsyslog or syslog-ng package  (Detect Only)'
map-vulscan: (11097) 2017-05-11 16:02:51     No products specified for this patch.  Assume it applies globally.
map-vulscan: (11097) 2017-05-11 16:02:51     Processing patchfile objects completed.
map-vulscan: (11097) 2017-05-11 16:02:51     Attempting to run detection script
map-vulscan: (11097) 2017-05-11 16:02:51   wrote 321 bytes to tempfile /tmp/vsScript-clxmGv
map-vulscan: (11258) 2017-05-11 16:02:51 running script /tmp/vsScript-clxmGv
map-vulscan: (11097) 2017-05-11 16:02:51 vulscan returning (0)
map-vulscan: (11097) 2017-05-11 16:02:51 scan status (229835155)
map-vulscan: (11097) 2017-05-11 16:02:51 Finished running vulscan. Return value 0
map-vulscan: (11279) 2017-05-11 16:03:54 [Core] = [WIN-5CUO5SV10D2.ld.landesk.com]
map-vulscan: (11279) 2017-05-11 16:03:54 [Default Agent Behavior] = [WIN-5CUO5SV10D2_v492]
map-vulscan: (11279) 2017-05-11 16:03:54 [Device ID] = [{858ad9ca-993e-4aaf-999f-087f5f431596}]
map-vulscan: (11279) 2017-05-11 16:03:54 [Group] = [landesk]
map-vulscan: (11279) 2017-05-11 16:03:54 [Last Hardware Scan Date] = [1494448945]
map-vulscan: (11279) 2017-05-11 16:03:54 [Last Software Scan Date] = [1494448971]
map-vulscan: (11279) 2017-05-11 16:03:54 [Last Vulnerability Scan Date] = [1494532971]
map-vulscan: (11279) 2017-05-11 16:03:54 [ManagedBy] = [LDMS]
map-vulscan: (11279) 2017-05-11 16:03:54 [MaxScanFileSize] = [10000000]
map-vulscan: (11279) 2017-05-11 16:03:54 [User] = [landesk]
map-vulscan: (11279) 2017-05-11 16:03:54 [Version] = [LDMS9-0-internal]
map-vulscan: (11279) 2017-05-11 16:03:54 [appDefFile] = [/opt/landesk/etc/ldappl.conf]
map-vulscan: (11279) 2017-05-11 16:03:54 [appname] = [map-vulscan]
map-vulscan: (11279) 2017-05-11 16:03:54 [behaviorsdir] = [/opt/landesk/var/data]
map-vulscan: (11279) 2017-05-11 16:03:54 [cachedir] = [/tmp]
map-vulscan: (11279) 2017-05-11 16:03:54 [catalog] = [map_scanner_catalog.xml]
map-vulscan: (11279) 2017-05-11 16:03:54 [config] = [/opt/landesk/etc/landesk.conf]
map-vulscan: (11279) 2017-05-11 16:03:54 [installdir] = [/opt/landesk]
map-vulscan: (11279) 2017-05-11 16:03:54 [jobsRepository] = [/opt/landesk/jobs/]
map-vulscan: (11279) 2017-05-11 16:03:54 [language] = [INTL]
map-vulscan: (11279) 2017-05-11 16:03:54 [logfile] = [/opt/landesk/logs/vulscan.log]
map-vulscan: (11279) 2017-05-11 16:03:54 [loglevel] = [20]
map-vulscan: (11279) 2017-05-11 16:03:54 [platformid] = [rhel7_x86_64]
map-vulscan: (11279) 2017-05-11 16:03:54 [policyRepository] = [/opt/landesk/policies/patch]
map-vulscan: (11279) 2017-05-11 16:03:54 [policystatusfile] = [/opt/landesk/policies/policystatus.xml]
map-vulscan: (11279) 2017-05-11 16:03:54 [requesturl] = [/WSVulnerabilityCore/VulCore.asmx]
map-vulscan: (11279) 2017-05-11 16:03:54 [scanDatabase] = [/opt/landesk/ldclient.db]
map-vulscan: (11279) 2017-05-11 16:03:54 [scanErrorscan] = [/opt/landesk/scan_repository/errorscan]
map-vulscan: (11279) 2017-05-11 16:03:54 [scanRepository] = [/opt/landesk/scan_repository]
map-vulscan: (11279) 2017-05-11 16:03:54 [schemas] = [/opt/landesk/schemas]
map-vulscan: (11279) 2017-05-11 16:03:54 [settings XML] = [/opt/landesk/etc/ldconfig.xml]
map-vulscan: (11279) 2017-05-11 16:03:54 [taskid] = [5DDD62AE-9252-C28B-A9F3-2E5561FB6195:02]
map-vulscan: (11279) 2017-05-11 16:03:54 [verbosity] = [5]
map-vulscan: (11279) 2017-05-11 16:03:54 [vuldefFile] = [/opt/landesk/var/vuldefs/vuldefs.xml]
map-vulscan: (11279) 2017-05-11 16:03:54 [vulscanmode] = [scan]
map-vulscan: (11279) 2017-05-11 16:03:54 [vultype] = [0]
map-vulscan: (11279) 2017-05-11 16:03:54 processing definitions content file /opt/landesk/var/vuldefs/vuldefs.xml
map-vulscan: (11279) 2017-05-11 16:03:54 Processing VULNERABILITY 'RHEL7-Filesystem-01-01-25'...
map-vulscan: (11279) 2017-05-11 16:03:54   Processing PATCH 'Ensure separate partition exists for /var/tmp  (Detect Only)'
map-vulscan: (11279) 2017-05-11 16:03:54     No products specified for this patch.  Assume it applies globally.
map-vulscan: (11279) 2017-05-11 16:03:54     Processing patchfile objects completed.
map-vulscan: (11279) 2017-05-11 16:03:54     Attempting to run detection script
map-vulscan: (11279) 2017-05-11 16:03:54   wrote 276 bytes to tempfile /tmp/vsScript-AcaSsx
map-vulscan: (11280) 2017-05-11 16:03:54 running script /tmp/vsScript-AcaSsx
map-vulscan: (11279) 2017-05-11 16:03:54 Processing VULNERABILITY 'RHEL7-Filesystem-01-01-26'...
map-vulscan: (11279) 2017-05-11 16:03:54   Processing PATCH 'Ensure nodev option set on /var/tmp partition'
map-vulscan: (11279) 2017-05-11 16:03:54     No products specified for this patch.  Assume it applies globally.
map-vulscan: (11279) 2017-05-11 16:03:54     Processing patchfile objects completed.
map-vulscan: (11279) 2017-05-11 16:03:54     Attempting to run detection script
map-vulscan: (11279) 2017-05-11 16:03:54   wrote 633 bytes to tempfile /tmp/vsScript-OvgyYi
map-vulscan: (11284) 2017-05-11 16:03:54 running script /tmp/vsScript-OvgyYi
map-vulscan: (11279) 2017-05-11 16:03:54 Processing VULNERABILITY 'RHEL7-Filesystem-01-01-27'...
map-vulscan: (11279) 2017-05-11 16:03:54   Processing PATCH 'Ensure nosuid option set on /var/tmp partition'
map-vulscan: (11279) 2017-05-11 16:03:54     No products specified for this patch.  Assume it applies globally.
map-vulscan: (11279) 2017-05-11 16:03:54     Processing patchfile objects completed.
map-vulscan: (11279) 2017-05-11 16:03:54     Attempting to run detection script
map-vulscan: (11279) 2017-05-11 16:03:54   wrote 637 bytes to tempfile /tmp/vsScript-dXxrw4
map-vulscan: (11299) 2017-05-11 16:03:54 running script /tmp/vsScript-dXxrw4
map-vulscan: (11279) 2017-05-11 16:03:54 Processing VULNERABILITY 'RHEL7-Filesystem-01-01-28'...
map-vulscan: (11279) 2017-05-11 16:03:54   Processing PATCH 'Ensure noexec option set on /var/tmp partition'
map-vulscan: (11279) 2017-05-11 16:03:54     No products specified for this patch.  Assume it applies globally.
map-vulscan: (11279) 2017-05-11 16:03:54     Processing patchfile objects completed.
map-vulscan: (11279) 2017-05-11 16:03:54     Attempting to run detection script
map-vulscan: (11279) 2017-05-11 16:03:54   wrote 637 bytes to tempfile /tmp/vsScript-L71A6P
map-vulscan: (11314) 2017-05-11 16:03:54 running script /tmp/vsScript-L71A6P
map-vulscan: (11279) 2017-05-11 16:03:54 Processing VULNERABILITY 'RHEL7-Filesystem-01-04-07'...
map-vulscan: (11279) 2017-05-11 16:03:54   Processing PATCH 'Ensure SELinux is installed  (Detect Only)'
map-vulscan: (11279) 2017-05-11 16:03:54     No products specified for this patch.  Assume it applies globally.
map-vulscan: (11279) 2017-05-11 16:03:54     Processing patchfile objects completed.
map-vulscan: (11279) 2017-05-11 16:03:54     Attempting to run detection script
map-vulscan: (11279) 2017-05-11 16:03:54   wrote 215 bytes to tempfile /tmp/vsScript-XsdXIB
map-vulscan: (11329) 2017-05-11 16:03:54 running script /tmp/vsScript-XsdXIB
map-vulscan: (11279) 2017-05-11 16:03:54 Processing VULNERABILITY 'RHEL7-LogAudit-05-01-01'...
map-vulscan: (11279) 2017-05-11 16:03:54   Processing PATCH 'Install the rsyslog or syslog-ng package  (Detect Only)'
map-vulscan: (11279) 2017-05-11 16:03:54     No products specified for this patch.  Assume it applies globally.
map-vulscan: (11279) 2017-05-11 16:03:54     Processing patchfile objects completed.
map-vulscan: (11279) 2017-05-11 16:03:54     Attempting to run detection script
map-vulscan: (11279) 2017-05-11 16:03:54   wrote 321 bytes to tempfile /tmp/vsScript-z467mn
map-vulscan: (11331) 2017-05-11 16:03:54 running script /tmp/vsScript-z467mn
map-vulscan: (11279) 2017-05-11 16:03:54 Sending POST headers to core using 'http://WIN-5CUO5SV10D2.ld.landesk.com//WSVulnerabilityCore/VulCore.asmx'
map-vulscan: (11279) 2017-05-11 16:03:54 POST headers result=3
map-vulscan: (11279) 2017-05-11 16:03:54 Unable to access core using 'http://WIN-5CUO5SV10D2.ld.landesk.com//WSVulnerabilityCore/VulCore.asmx'
map-vulscan: (11279) 2017-05-11 16:03:54 HTTP POST failed, retrying...
map-vulscan: (11279) 2017-05-11 16:04:00 Sending POST headers to core using 'http://WIN-5CUO5SV10D2.ld.landesk.com//WSVulnerabilityCore/VulCore.asmx'
map-vulscan: (11279) 2017-05-11 16:04:00 POST headers result=0
map-vulscan: (11279) 2017-05-11 16:04:00 SOAP request result=0
map-vulscan: (11279) 2017-05-11 16:04:00 HTTP response code: 200
map-vulscan: (11279) 2017-05-11 16:04:00 HTTP Content-Length: 356
map-vulscan: (11279) 2017-05-11 16:04:00 Complete, server sent  356 bytes of data.
map-vulscan: (11279) 2017-05-11 16:04:00 HTTP response data length: 356
map-vulscan: (11279) 2017-05-11 16:04:00 HTTP response bytes read: 356
map-vulscan: (11279) 2017-05-11 16:04:00 HTTP response: <PutResultsResult>true</PutResultsResult>
map-vulscan: (11279) 2017-05-11 16:04:00 scan results successfully posted to core
map-vulscan: (11279) 2017-05-11 16:04:00 Sending POST headers to core using 'http://WIN-5CUO5SV10D2.ld.landesk.com//WSVulnerabilityCore/VulCore.asmx'
map-vulscan: (11279) 2017-05-11 16:04:00 POST headers result=0
map-vulscan: (11279) 2017-05-11 16:04:00 SOAP request result=0
map-vulscan: (11279) 2017-05-11 16:04:00 HTTP response code: 200
map-vulscan: (11279) 2017-05-11 16:04:00 HTTP Content-Length: 375
map-vulscan: (11279) 2017-05-11 16:04:00 Complete, server sent  375 bytes of data.
map-vulscan: (11279) 2017-05-11 16:04:00 HTTP response data length: 375
map-vulscan: (11279) 2017-05-11 16:04:00 HTTP response bytes read: 375
map-vulscan: (11279) 2017-05-11 16:04:00 HTTP response: <ResolveDeviceIDResult>149</ResolveDeviceIDResult>
map-vulscan: (11279) 2017-05-11 16:04:00 Sending POST headers to core using 'http://WIN-5CUO5SV10D2.ld.landesk.com//WSVulnerabilityCore/VulCore.asmx'
map-vulscan: (11279) 2017-05-11 16:04:00 POST headers result=0
map-vulscan: (11279) 2017-05-11 16:04:00 SOAP request result=0
map-vulscan: (11279) 2017-05-11 16:04:00 HTTP response code: 200
map-vulscan: (11279) 2017-05-11 16:04:00 HTTP Content-Length: 299
map-vulscan: (11279) 2017-05-11 16:04:00 Complete, server sent  299 bytes of data.
map-vulscan: (11279) 2017-05-11 16:04:00 HTTP response data length: 299
map-vulscan: (11279) 2017-05-11 16:04:00 HTTP response bytes read: 299
map-vulscan: (11279) 2017-05-11 16:04:00 processRepair() returning (229835166)
map-vulscan: (11279) 2017-05-11 16:04:00 main running RunUpdateScan
map-vulscan: (11279) 2017-05-11 16:04:00 vulscan running final scan
map-vulscan: (11279) 2017-05-11 16:04:00 processing definitions content file /opt/landesk/var/vuldefs/vuldefs.xml
map-vulscan: (11279) 2017-05-11 16:04:00 Processing VULNERABILITY 'RHEL7-Filesystem-01-01-25'...
map-vulscan: (11279) 2017-05-11 16:04:00   Processing PATCH 'Ensure separate partition exists for /var/tmp  (Detect Only)'
map-vulscan: (11279) 2017-05-11 16:04:00     No products specified for this patch.  Assume it applies globally.
map-vulscan: (11279) 2017-05-11 16:04:00     Processing patchfile objects completed.
map-vulscan: (11279) 2017-05-11 16:04:00     Attempting to run detection script
map-vulscan: (11279) 2017-05-11 16:04:00   wrote 276 bytes to tempfile /tmp/vsScript-DosgPt
map-vulscan: (11335) 2017-05-11 16:04:00 running script /tmp/vsScript-DosgPt
map-vulscan: (11279) 2017-05-11 16:04:00 Processing VULNERABILITY 'RHEL7-Filesystem-01-01-26'...
map-vulscan: (11279) 2017-05-11 16:04:00   Processing PATCH 'Ensure nodev option set on /var/tmp partition'
map-vulscan: (11279) 2017-05-11 16:04:00     No products specified for this patch.  Assume it applies globally.
map-vulscan: (11279) 2017-05-11 16:04:00     Processing patchfile objects completed.
map-vulscan: (11279) 2017-05-11 16:04:00     Attempting to run detection script
map-vulscan: (11279) 2017-05-11 16:04:00   wrote 633 bytes to tempfile /tmp/vsScript-pmvhiA
map-vulscan: (11339) 2017-05-11 16:04:00 running script /tmp/vsScript-pmvhiA
map-vulscan: (11279) 2017-05-11 16:04:00 Processing VULNERABILITY 'RHEL7-Filesystem-01-01-27'...
map-vulscan: (11279) 2017-05-11 16:04:00   Processing PATCH 'Ensure nosuid option set on /var/tmp partition'
map-vulscan: (11279) 2017-05-11 16:04:00     No products specified for this patch.  Assume it applies globally.
map-vulscan: (11279) 2017-05-11 16:04:00     Processing patchfile objects completed.
map-vulscan: (11279) 2017-05-11 16:04:00     Attempting to run detection script
map-vulscan: (11279) 2017-05-11 16:04:00   wrote 637 bytes to tempfile /tmp/vsScript-tfRuNG
map-vulscan: (11354) 2017-05-11 16:04:00 running script /tmp/vsScript-tfRuNG
map-vulscan: (11279) 2017-05-11 16:04:00 Processing VULNERABILITY 'RHEL7-Filesystem-01-01-28'...
map-vulscan: (11279) 2017-05-11 16:04:00   Processing PATCH 'Ensure noexec option set on /var/tmp partition'
map-vulscan: (11279) 2017-05-11 16:04:00     No products specified for this patch.  Assume it applies globally.
map-vulscan: (11279) 2017-05-11 16:04:00     Processing patchfile objects completed.
map-vulscan: (11279) 2017-05-11 16:04:00     Attempting to run detection script
map-vulscan: (11279) 2017-05-11 16:04:00   wrote 637 bytes to tempfile /tmp/vsScript-pUOXkN
map-vulscan: (11369) 2017-05-11 16:04:00 running script /tmp/vsScript-pUOXkN
map-vulscan: (11279) 2017-05-11 16:04:00 Processing VULNERABILITY 'RHEL7-Filesystem-01-04-07'...
map-vulscan: (11279) 2017-05-11 16:04:00   Processing PATCH 'Ensure SELinux is installed  (Detect Only)'
map-vulscan: (11279) 2017-05-11 16:04:00     No products specified for this patch.  Assume it applies globally.
map-vulscan: (11279) 2017-05-11 16:04:00     Processing patchfile objects completed.
map-vulscan: (11279) 2017-05-11 16:04:00     Attempting to run detection script
map-vulscan: (11279) 2017-05-11 16:04:00   wrote 215 bytes to tempfile /tmp/vsScript-YphEUT
map-vulscan: (11384) 2017-05-11 16:04:00 running script /tmp/vsScript-YphEUT
map-vulscan: (11279) 2017-05-11 16:04:00 Processing VULNERABILITY 'RHEL7-LogAudit-05-01-01'...
map-vulscan: (11279) 2017-05-11 16:04:00   Processing PATCH 'Install the rsyslog or syslog-ng package  (Detect Only)'
map-vulscan: (11279) 2017-05-11 16:04:00     No products specified for this patch.  Assume it applies globally.
map-vulscan: (11279) 2017-05-11 16:04:00     Processing patchfile objects completed.
map-vulscan: (11279) 2017-05-11 16:04:00     Attempting to run detection script
map-vulscan: (11279) 2017-05-11 16:04:00   wrote 321 bytes to tempfile /tmp/vsScript-Ir78v0
map-vulscan: (11386) 2017-05-11 16:04:00 running script /tmp/vsScript-Ir78v0
map-vulscan: (11279) 2017-05-11 16:04:00 processing definitions content file /opt/landesk/var/vuldefs/vuldefs.xml
map-vulscan: (11279) 2017-05-11 16:04:00 Processing VULNERABILITY 'RHEL7-Filesystem-01-01-25'...
map-vulscan: (11279) 2017-05-11 16:04:00   Processing PATCH 'Ensure separate partition exists for /var/tmp  (Detect Only)'
map-vulscan: (11279) 2017-05-11 16:04:00     No products specified for this patch.  Assume it applies globally.
map-vulscan: (11279) 2017-05-11 16:04:00     Processing patchfile objects completed.
map-vulscan: (11279) 2017-05-11 16:04:00     Attempting to run detection script
map-vulscan: (11279) 2017-05-11 16:04:00   wrote 276 bytes to tempfile /tmp/vsScript-YlMod7
map-vulscan: (11389) 2017-05-11 16:04:00 running script /tmp/vsScript-YlMod7
map-vulscan: (11279) 2017-05-11 16:04:00 Processing VULNERABILITY 'RHEL7-Filesystem-01-01-26'...
map-vulscan: (11279) 2017-05-11 16:04:00   Processing PATCH 'Ensure nodev option set on /var/tmp partition'
map-vulscan: (11279) 2017-05-11 16:04:00     No products specified for this patch.  Assume it applies globally.
map-vulscan: (11279) 2017-05-11 16:04:00     Processing patchfile objects completed.
map-vulscan: (11279) 2017-05-11 16:04:00     Attempting to run detection script
map-vulscan: (11279) 2017-05-11 16:04:00   wrote 633 bytes to tempfile /tmp/vsScript-iVJxVd
map-vulscan: (11393) 2017-05-11 16:04:00 running script /tmp/vsScript-iVJxVd
map-vulscan: (11279) 2017-05-11 16:04:00 Processing VULNERABILITY 'RHEL7-Filesystem-01-01-27'...
map-vulscan: (11279) 2017-05-11 16:04:00   Processing PATCH 'Ensure nosuid option set on /var/tmp partition'
map-vulscan: (11279) 2017-05-11 16:04:00     No products specified for this patch.  Assume it applies globally.
map-vulscan: (11279) 2017-05-11 16:04:00     Processing patchfile objects completed.
map-vulscan: (11279) 2017-05-11 16:04:00     Attempting to run detection script
map-vulscan: (11279) 2017-05-11 16:04:00   wrote 637 bytes to tempfile /tmp/vsScript-ErdWFk
map-vulscan: (11408) 2017-05-11 16:04:00 running script /tmp/vsScript-ErdWFk
map-vulscan: (11279) 2017-05-11 16:04:00 Processing VULNERABILITY 'RHEL7-Filesystem-01-01-28'...
map-vulscan: (11279) 2017-05-11 16:04:00   Processing PATCH 'Ensure noexec option set on /var/tmp partition'
map-vulscan: (11279) 2017-05-11 16:04:00     No products specified for this patch.  Assume it applies globally.
map-vulscan: (11279) 2017-05-11 16:04:00     Processing patchfile objects completed.
map-vulscan: (11279) 2017-05-11 16:04:00     Attempting to run detection script
map-vulscan: (11279) 2017-05-11 16:04:00   wrote 637 bytes to tempfile /tmp/vsScript-MG3zsr
map-vulscan: (11423) 2017-05-11 16:04:00 running script /tmp/vsScript-MG3zsr
map-vulscan: (11279) 2017-05-11 16:04:00 Processing VULNERABILITY 'RHEL7-Filesystem-01-04-07'...
map-vulscan: (11279) 2017-05-11 16:04:00   Processing PATCH 'Ensure SELinux is installed  (Detect Only)'
map-vulscan: (11279) 2017-05-11 16:04:00     No products specified for this patch.  Assume it applies globally.
map-vulscan: (11279) 2017-05-11 16:04:00     Processing patchfile objects completed.
map-vulscan: (11279) 2017-05-11 16:04:00     Attempting to run detection script
map-vulscan: (11279) 2017-05-11 16:04:00   wrote 215 bytes to tempfile /tmp/vsScript-6q2shy
map-vulscan: (11438) 2017-05-11 16:04:00 running script /tmp/vsScript-6q2shy
map-vulscan: (11279) 2017-05-11 16:04:00 Processing VULNERABILITY 'RHEL7-LogAudit-05-01-01'...
map-vulscan: (11279) 2017-05-11 16:04:00   Processing PATCH 'Install the rsyslog or syslog-ng package  (Detect Only)'
map-vulscan: (11279) 2017-05-11 16:04:00     No products specified for this patch.  Assume it applies globally.
map-vulscan: (11279) 2017-05-11 16:04:00     Processing patchfile objects completed.
map-vulscan: (11279) 2017-05-11 16:04:00     Attempting to run detection script
map-vulscan: (11279) 2017-05-11 16:04:00   wrote 321 bytes to tempfile /tmp/vsScript-aaHb8E
map-vulscan: (11440) 2017-05-11 16:04:00 running script /tmp/vsScript-aaHb8E
map-vulscan: (11279) 2017-05-11 16:04:00 vulscan returning (0)
map-vulscan: (11279) 2017-05-11 16:04:00 scan status (229835155)
map-vulscan: (11279) 2017-05-11 16:04:00 Finished running vulscan. Return value 0
map-vulscan: (11471) 2017-05-11 16:06:09 task id 836
map-vulscan: (11471) 2017-05-11 16:06:10 /opt/landesk/policies/patch/CP.836.RunNow.xml: no vulnerabilities to process, no other types are supported
map-vulscan: (11471) 2017-05-11 16:06:10 Finished running vulscan. Return value 1
